****************************************
Report : timing
	-path_type full
	-delay_type max
	-max_paths 1
	-sort_by slack
Design : top
Version: T-2022.03-SP5
Date   : Mon Feb 24 15:22:55 2025
****************************************


  Startpoint: B[4] (input port clocked by clk)
  Endpoint: O[7] (output port clocked by clk)
  Path Group: clk
  Path Type: max

  Point                                    Incr       Path
  ---------------------------------------------------------------
  clock clk (rise edge)                   0.000      0.000
  clock network delay (ideal)             0.000      0.000
  input external delay                    0.000      0.000 f
  B[4] (in)                               0.000      0.000 f
  intadd_0_U4/CO (FA_X1)                  0.105      0.105 f
  intadd_0_U3/CO (FA_X1)                  0.093      0.198 f
  intadd_0_U2/S (FA_X1)                   0.128      0.325 r
  O[7] (out)                              0.002      0.327 r
  data arrival time                                  0.327

  clock clk (rise edge)                   2.000      2.000
  clock network delay (ideal)             0.000      2.000
  clock reconvergence pessimism           0.000      2.000
  output external delay                   0.000      2.000
  data required time                                 2.000
  ---------------------------------------------------------------
  data required time                                 2.000
  data arrival time                                 -0.327
  ---------------------------------------------------------------
  slack (MET)                                        1.673


1
