****************************************
Report : Averaged Power
Design : top
Version: T-2022.03-SP5
Date   : Mon Feb 24 15:23:09 2025
****************************************



  Attributes
  ----------
      i  -  Including register clock pin internal power
      u  -  User defined power group

                        Internal  Switching  Leakage    Total
Power Group             Power     Power      Power      Power   (     %)  Attrs
--------------------------------------------------------------------------------
clock_network              0.0000    0.0000    0.0000    0.0000 ( 0.00%)  i
register                   0.0000    0.0000    0.0000    0.0000 ( 0.00%)  
combinational           4.962e-06 9.193e-07 1.996e-07 6.081e-06 (100.00%) 
sequential                 0.0000    0.0000    0.0000    0.0000 ( 0.00%)  
memory                     0.0000    0.0000    0.0000    0.0000 ( 0.00%)  
io_pad                     0.0000    0.0000    0.0000    0.0000 ( 0.00%)  
black_box                  0.0000    0.0000    0.0000    0.0000 ( 0.00%)  

  Net Switching Power  = 9.193e-07   (15.12%)
  Cell Internal Power  = 4.962e-06   (81.60%)
  Cell Leakage Power   = 1.996e-07   ( 3.28%)
                         ---------
Total Power            = 6.081e-06  (100.00%)

1
