****************************************
Report : timing
	-path_type full
	-delay_type max
	-max_paths 1
	-sort_by slack
Design : top
Version: T-2022.03-SP5
Date   : Mon Feb 24 15:25:25 2025
****************************************


  Startpoint: B[11] (input port clocked by clk)
  Endpoint: O[15] (output port clocked by clk)
  Path Group: clk
  Path Type: max

  Point                                    Incr       Path
  ---------------------------------------------------------------
  clock clk (rise edge)                   0.000      0.000
  clock network delay (ideal)             0.000      0.000
  input external delay                    0.000      0.000 f
  B[11] (in)                              0.000      0.000 f
  intadd_0_U4/CO (FA_X1)                  0.101      0.101 f
  intadd_0_U3/CO (FA_X1)                  0.093      0.194 f
  intadd_0_U2/CO (FA_X1)                  0.096      0.290 f
  U12/ZN (NAND2_X1)                       0.049      0.339 r
  U14/ZN (OAI21_X1)                       0.041      0.380 f
  U15/ZN (INV_X1)                         0.024      0.404 r
  O[15] (out)                             0.002      0.406 r
  data arrival time                                  0.406

  clock clk (rise edge)                   2.000      2.000
  clock network delay (ideal)             0.000      2.000
  clock reconvergence pessimism           0.000      2.000
  output external delay                   0.000      2.000
  data required time                                 2.000
  ---------------------------------------------------------------
  data required time                                 2.000
  data arrival time                                 -0.406
  ---------------------------------------------------------------
  slack (MET)                                        1.594


1
