 
****************************************
Report : area
Design : top
Version: T-2022.03-SP5
Date   : Sun Feb 23 21:27:56 2025
****************************************

Library(s) Used:

    asap7 (File: /home/balaskas/axcarbon/libs/asap7/db/asap7.db)

Number of ports:                           49
Number of nets:                            36
Number of cells:                           23
Number of combinational cells:             23
Number of sequential cells:                 0
Number of macros/black boxes:               0
Number of buf/inv:                          8
Number of references:                      17

Combinational area:                  2.052864
Buf/Inv area:                        0.769824
Noncombinational area:               0.000000
Macro/Black Box area:                0.000000
Net Interconnect area:      undefined  (No wire load specified)

Total cell area:                     2.052864
Total area:                 undefined
1
