****************************************
Report : timing
	-path_type full
	-delay_type max
	-max_paths 1
	-sort_by slack
Design : top
Version: T-2022.03-SP5
Date   : Mon Feb 24 21:28:31 2025
****************************************


  Startpoint: A[6] (input port clocked by clk)
  Endpoint: O[7] (output port clocked by clk)
  Path Group: clk
  Path Type: max

  Point                                                   Incr       Path
  ------------------------------------------------------------------------------
  clock clk (rise edge)                                  0.000      0.000
  clock network delay (ideal)                            0.000      0.000
  input external delay                                   0.000      0.000 f
  A[6] (in)                                              0.000      0.000 f
  U8/X (SAEDRVT14_NR2_1)                                 0.017      0.017 r
  U9/X (SAEDRVT14_INV_0P5)                               0.015      0.032 f
  U10/S (SAEDRVT14_ADDF_V1_0P5)                          0.048      0.080 r
  O[7] (out)                                             0.004      0.083 r
  data arrival time                                                 0.083

  clock clk (rise edge)                                  1.065      1.065
  clock network delay (ideal)                            0.000      1.065
  clock reconvergence pessimism                          0.000      1.065
  output external delay                                  0.000      1.065
  data required time                                                1.065
  ------------------------------------------------------------------------------
  data required time                                                1.065
  data arrival time                                                -0.083
  ------------------------------------------------------------------------------
  slack (MET)                                                       0.982


1
