 
****************************************
Report : area
Design : top
Version: T-2022.03-SP5
Date   : Mon Feb 24 21:32:05 2025
****************************************

Library(s) Used:

    saed14rvt_tt0p8v25c (File: /usr/local/eda/synLibs/saed14nm/SAED14nm_EDK_06052019/stdcell_rvt/db_ccs/saed14rvt_tt0p8v25c.db)

Number of ports:                           49
Number of nets:                            16
Number of cells:                            6
Number of combinational cells:              6
Number of sequential cells:                 0
Number of macros/black boxes:               0
Number of buf/inv:                          1
Number of references:                       6

Combinational area:                  2.086800
Buf/Inv area:                        0.177600
Noncombinational area:               0.000000
Macro/Black Box area:                0.000000
Net Interconnect area:               2.569335

Total cell area:                     2.086800
Total area:                          4.656135
1
