****************************************
Report : timing
	-path_type full
	-delay_type max
	-max_paths 1
	-sort_by slack
Design : top
Version: T-2022.03-SP5
Date   : Mon Feb 24 21:32:14 2025
****************************************


  Startpoint: B[15] (input port clocked by clk)
  Endpoint: O[16] (output port clocked by clk)
  Path Group: clk
  Path Type: max

  Point                                    Incr       Path
  ---------------------------------------------------------------
  clock clk (rise edge)                   0.000      0.000
  clock network delay (ideal)             0.000      0.000
  input external delay                    0.000      0.000 f
  B[15] (in)                              0.000      0.000 f
  U11/X (SAEDRVT14_OAI21_0P5)             0.022      0.022 r
  U12/X (SAEDRVT14_INV_0P5)               0.016      0.038 f
  U13/X (SAEDRVT14_AO21_U_0P5)            0.020      0.058 f
  O[16] (out)                             0.004      0.062 f
  data arrival time                                  0.062

  clock clk (rise edge)                   1.065      1.065
  clock network delay (ideal)             0.000      1.065
  clock reconvergence pessimism           0.000      1.065
  output external delay                   0.000      1.065
  data required time                                 1.065
  ---------------------------------------------------------------
  data required time                                 1.065
  data arrival time                                 -0.062
  ---------------------------------------------------------------
  slack (MET)                                        1.003


1
