****************************************
Report : Averaged Power
Design : top
Version: T-2022.03-SP5
Date   : Mon Feb 24 15:23:25 2025
****************************************



  Attributes
  ----------
      i  -  Including register clock pin internal power
      u  -  User defined power group

                        Internal  Switching  Leakage    Total
Power Group             Power     Power      Power      Power   (     %)  Attrs
--------------------------------------------------------------------------------
clock_network              0.0000    0.0000    0.0000    0.0000 ( 0.00%)  i
register                   0.0000    0.0000    0.0000    0.0000 ( 0.00%)  
combinational           6.904e-07 1.228e-07 3.799e-09 8.170e-07 (100.00%) 
sequential                 0.0000    0.0000    0.0000    0.0000 ( 0.00%)  
memory                     0.0000    0.0000    0.0000    0.0000 ( 0.00%)  
io_pad                     0.0000    0.0000    0.0000    0.0000 ( 0.00%)  
black_box                  0.0000    0.0000    0.0000    0.0000 ( 0.00%)  

  Net Switching Power  = 1.228e-07   (15.03%)
  Cell Internal Power  = 6.904e-07   (84.51%)
  Cell Leakage Power   = 3.799e-09   ( 0.46%)
                         ---------
Total Power            = 8.170e-07  (100.00%)

1
