****************************************
Report : Averaged Power
Design : top
Version: T-2022.03-SP5
Date   : Mon Feb 24 15:15:44 2025
****************************************



  Attributes
  ----------
      i  -  Including register clock pin internal power
      u  -  User defined power group

                        Internal  Switching  Leakage    Total
Power Group             Power     Power      Power      Power   (     %)  Attrs
--------------------------------------------------------------------------------
clock_network              0.0000    0.0000    0.0000    0.0000 ( 0.00%)  i
register                   0.0000    0.0000    0.0000    0.0000 ( 0.00%)  
combinational           1.014e-05 1.704e-07 7.897e-08 1.039e-05 (100.00%) 
sequential                 0.0000    0.0000    0.0000    0.0000 ( 0.00%)  
memory                     0.0000    0.0000    0.0000    0.0000 ( 0.00%)  
io_pad                     0.0000    0.0000    0.0000    0.0000 ( 0.00%)  
black_box                  0.0000    0.0000    0.0000    0.0000 ( 0.00%)  

  Net Switching Power  = 1.704e-07   ( 1.64%)
  Cell Internal Power  = 1.014e-05   (97.60%)
  Cell Leakage Power   = 7.897e-08   ( 0.76%)
                         ---------
Total Power            = 1.039e-05  (100.00%)

1
