 
****************************************
Report : area
Design : top
Version: T-2022.03-SP5
Date   : Tue Feb 25 06:54:22 2025
****************************************

Library(s) Used:

    saed32rvt_tt0p85v25c (File: /usr/local/eda/synLibs/SAED32_EDK/lib/stdcell_rvt/db_ccs/saed32rvt_tt0p85v25c.db)

Number of ports:                           25
Number of nets:                            28
Number of cells:                           12
Number of combinational cells:             11
Number of sequential cells:                 0
Number of macros/black boxes:               0
Number of buf/inv:                          3
Number of references:                       5

Combinational area:                 31.513856
Buf/Inv area:                        3.812160
Noncombinational area:               0.000000
Macro/Black Box area:                0.000000
Net Interconnect area:               2.949411

Total cell area:                    31.513856
Total area:                         34.463267
1
