 
****************************************
Report : area
Design : top
Version: T-2022.03-SP5
Date   : Sun Feb 23 21:23:15 2025
****************************************

Library(s) Used:

    typical (File: /home/balaskas/axcarbon/libs/variability14/db/predicted_0.db)

Number of ports:                           32
Number of nets:                           125
Number of cells:                          115
Number of combinational cells:            114
Number of sequential cells:                 0
Number of macros/black boxes:               0
Number of buf/inv:                         22
Number of references:                      24

Combinational area:                 33.619969
Buf/Inv area:                        4.571136
Noncombinational area:               0.000000
Macro/Black Box area:                0.000000
Net Interconnect area:      undefined  (No wire load specified)

Total cell area:                    33.619969
Total area:                 undefined
1
