****************************************
Report : timing
	-path_type full
	-delay_type max
	-max_paths 1
	-sort_by slack
Design : top
Version: T-2022.03-SP5
Date   : Sun Feb 23 21:11:16 2025
****************************************


  Startpoint: A[0] (input port clocked by clk)
  Endpoint: O[14] (output port clocked by clk)
  Path Group: clk
  Path Type: max

  Point                                    Incr       Path
  ---------------------------------------------------------------
  clock clk (rise edge)                   0.000      0.000
  clock network delay (ideal)             0.000      0.000
  input external delay                    0.000      0.000 r
  A[0] (in)                               0.000      0.000 r
  U451/ZN (NAND2_X2)                      0.010      0.010 f
  U348/Z (AND2_X2)                        0.018      0.029 f
  U449/ZN (OAI21_X2)                      0.017      0.045 r
  U255/ZN (NAND2_X1)                      0.015      0.061 f
  U254/ZN (NAND2_X1)                      0.012      0.073 r
  U335/Z (AND2_X2)                        0.024      0.097 r
  U426/ZN (XNOR2_X1)                      0.024      0.121 r
  U393/ZN (OAI21_X2)                      0.018      0.139 f
  U440/ZN (XNOR2_X1)                      0.028      0.167 f
  U439/Z (XOR2_X1)                        0.030      0.197 f
  U366/Z (XOR2_X1)                        0.031      0.228 f
  U423/ZN (XNOR2_X1)                      0.032      0.260 f
  U344/ZN (NOR2_X1)                       0.022      0.281 r
  U409/ZN (NOR2_X2)                       0.015      0.297 f
  U422/ZN (NOR2_X2)                       0.016      0.312 r
  U456/ZN (NAND2_X2)                      0.014      0.326 f
  U443/ZN (AOI21_X2)                      0.017      0.343 r
  U442/ZN (XNOR2_X1)                      0.023      0.367 r
  O[14] (out)                             0.000      0.367 r
  data arrival time                                  0.367

  clock clk (rise edge)                   0.000      0.000
  clock network delay (ideal)             0.000      0.000
  clock reconvergence pessimism           0.000      0.000
  output external delay                   0.000      0.000
  data required time                                 0.000
  ---------------------------------------------------------------
  data required time                                 0.000
  data arrival time                                 -0.367
  ---------------------------------------------------------------
  slack (VIOLATED)                                  -0.367


1
