 
****************************************
Report : area
Design : top
Version: T-2022.03-SP5
Date   : Mon Feb 24 16:30:23 2025
****************************************

Library(s) Used:

    asap7 (File: /home/balaskas/axcarbon/libs/asap7/db/asap7.db)

Number of ports:                           49
Number of nets:                            83
Number of cells:                           57
Number of combinational cells:             57
Number of sequential cells:                 0
Number of macros/black boxes:               0
Number of buf/inv:                         22
Number of references:                       6

Combinational area:                  3.674160
Buf/Inv area:                        0.769824
Noncombinational area:               0.000000
Macro/Black Box area:                0.000000
Net Interconnect area:      undefined  (No wire load specified)

Total cell area:                     3.674160
Total area:                 undefined
1
