****************************************
Report : timing
	-path_type full
	-delay_type max
	-max_paths 1
	-sort_by slack
Design : top
Version: T-2022.03-SP5
Date   : Mon Feb 24 15:23:33 2025
****************************************


  Startpoint: A[7] (input port clocked by clk)
  Endpoint: O[7] (output port clocked by clk)
  Path Group: clk
  Path Type: max

  Point                                    Incr       Path
  ---------------------------------------------------------------
  clock clk (rise edge)                   0.000      0.000
  clock network delay (ideal)             0.000      0.000
  input external delay                    0.000      0.000 r
  A[7] (in)                               0.000      0.000 r
  U29/Y (XNOR2xp5f_ASAP7_6t_R)           20.318     20.318 r
  U30/Y (XNOR2xp5f_ASAP7_6t_R)           21.314     41.632 r
  O[7] (out)                              0.000     41.632 r
  data arrival time                                 41.632

  clock clk (rise edge)                   0.955      0.955
  clock network delay (ideal)             0.000      0.955
  clock reconvergence pessimism           0.000      0.955
  output external delay                   0.000      0.955
  data required time                                 0.955
  ---------------------------------------------------------------
  data required time                                 0.955
  data arrival time                                -41.632
  ---------------------------------------------------------------
  slack (VIOLATED)                                 -40.677


1
