****************************************
Report : timing
	-path_type full
	-delay_type max
	-max_paths 1
	-sort_by slack
Design : top
Version: T-2022.03-SP5
Date   : Mon Feb 24 21:17:39 2025
****************************************


  Startpoint: B[7] (input port clocked by clk)
  Endpoint: O[7] (output port clocked by clk)
  Path Group: clk
  Path Type: max

  Point                                                   Incr       Path
  ------------------------------------------------------------------------------
  clock clk (rise edge)                                  0.000      0.000
  clock network delay (ideal)                            0.000      0.000
  input external delay                                   0.000      0.000 f
  B[7] (in)                                              0.000      0.000 f
  U15/X (SAEDRVT14_NR2_1)                                0.016      0.016 r
  U14/X (SAEDRVT14_AN3_0P5)                              0.021      0.037 r
  U13/X (SAEDRVT14_AN3_0P5)                              0.026      0.062 r
  intadd_0_U5/CO (SAEDRVT14_ADDF_V1_0P5)                 0.044      0.106 r
  intadd_0_U4/CO (SAEDRVT14_ADDF_V1_0P5)                 0.042      0.148 r
  intadd_0_U3/CO (SAEDRVT14_ADDF_V1_0P5)                 0.042      0.190 r
  intadd_0_U2/S (SAEDRVT14_ADDF_V1_0P5)                  0.050      0.240 f
  O[7] (out)                                             0.004      0.244 f
  data arrival time                                                 0.244

  clock clk (rise edge)                                  1.065      1.065
  clock network delay (ideal)                            0.000      1.065
  clock reconvergence pessimism                          0.000      1.065
  output external delay                                  0.000      1.065
  data required time                                                1.065
  ------------------------------------------------------------------------------
  data required time                                                1.065
  data arrival time                                                -0.244
  ------------------------------------------------------------------------------
  slack (MET)                                                       0.821


1
