 
****************************************
Report : area
Design : top
Version: T-2022.03-SP5
Date   : Sun Feb 23 21:21:58 2025
****************************************

Library(s) Used:

    asap7 (File: /home/balaskas/axcarbon/libs/asap7/db/asap7.db)

Number of ports:                           32
Number of nets:                           125
Number of cells:                          115
Number of combinational cells:            115
Number of sequential cells:                 0
Number of macros/black boxes:               0
Number of buf/inv:                         25
Number of references:                      33

Combinational area:                  8.001504
Buf/Inv area:                        0.956448
Noncombinational area:               0.000000
Macro/Black Box area:                0.000000
Net Interconnect area:      undefined  (No wire load specified)

Total cell area:                     8.001504
Total area:                 undefined
1
