 
****************************************
Report : area
Design : top
Version: T-2022.03-SP5
Date   : Sun Feb 23 20:51:35 2025
****************************************

Library(s) Used:

    typical (File: /home/balaskas/axcarbon/libs/variability14/db/predicted_0.db)

Number of ports:                           25
Number of nets:                            92
Number of cells:                           76
Number of combinational cells:             76
Number of sequential cells:                 0
Number of macros/black boxes:               0
Number of buf/inv:                         20
Number of references:                      18

Combinational area:                 22.069248
Buf/Inv area:                        5.308416
Noncombinational area:               0.000000
Macro/Black Box area:                0.000000
Net Interconnect area:      undefined  (No wire load specified)

Total cell area:                    22.069248
Total area:                 undefined
1
