 
****************************************
Report : area
Design : top
Version: T-2022.03-SP5
Date   : Mon Feb 24 15:20:34 2025
****************************************

Library(s) Used:

    asap7 (File: /home/balaskas/axcarbon/libs/asap7/db/asap7.db)

Number of ports:                           49
Number of nets:                           106
Number of cells:                           87
Number of combinational cells:             87
Number of sequential cells:                 0
Number of macros/black boxes:               0
Number of buf/inv:                         18
Number of references:                      30

Combinational area:                  6.193584
Buf/Inv area:                        0.781488
Noncombinational area:               0.000000
Macro/Black Box area:                0.000000
Net Interconnect area:      undefined  (No wire load specified)

Total cell area:                     6.193584
Total area:                 undefined
1
