 
****************************************
Report : area
Design : top
Version: T-2022.03-SP5
Date   : Sun Feb 23 21:10:16 2025
****************************************

Library(s) Used:

    typical (File: /home/balaskas/axcarbon/libs/variability14/db/predicted_0.db)

Number of ports:                           25
Number of nets:                            79
Number of cells:                           67
Number of combinational cells:             66
Number of sequential cells:                 0
Number of macros/black boxes:               0
Number of buf/inv:                         18
Number of references:                      18

Combinational area:                 18.382848
Buf/Inv area:                        4.718592
Noncombinational area:               0.000000
Macro/Black Box area:                0.000000
Net Interconnect area:      undefined  (No wire load specified)

Total cell area:                    18.382848
Total area:                 undefined
1
