****************************************
Report : timing
	-path_type full
	-delay_type max
	-max_paths 1
	-sort_by slack
Design : top
Version: T-2022.03-SP5
Date   : Sun Feb 23 21:26:13 2025
****************************************


  Startpoint: B[14] (input port clocked by clk)
  Endpoint: O[15] (output port clocked by clk)
  Path Group: clk
  Path Type: max

  Point                                    Incr       Path
  ---------------------------------------------------------------
  clock clk (rise edge)                   0.000      0.000
  clock network delay (ideal)             0.000      0.000
  input external delay                    0.000      0.000 f
  B[14] (in)                              0.000      0.000 f
  U22/ZN (OR2_X2)                         0.062      0.062 f
  U24/ZN (AND2_X1)                        0.047      0.109 f
  U14/ZN (NOR2_X2)                        0.051      0.160 r
  U38/ZN (NAND2_X1)                       0.035      0.195 f
  U40/ZN (XNOR2_X1)                       0.051      0.246 f
  O[15] (out)                             0.002      0.248 f
  data arrival time                                  0.248

  clock clk (rise edge)                   0.000      0.000
  clock network delay (ideal)             0.000      0.000
  clock reconvergence pessimism           0.000      0.000
  output external delay                   0.000      0.000
  data required time                                 0.000
  ---------------------------------------------------------------
  data required time                                 0.000
  data arrival time                                 -0.248
  ---------------------------------------------------------------
  slack (VIOLATED)                                  -0.248


1
