****************************************
Report : Averaged Power
Design : top
Version: T-2022.03-SP5
Date   : Sun Feb 23 21:26:27 2025
****************************************



  Attributes
  ----------
      i  -  Including register clock pin internal power
      u  -  User defined power group

                        Internal  Switching  Leakage    Total
Power Group             Power     Power      Power      Power   (     %)  Attrs
--------------------------------------------------------------------------------
clock_network              0.0000    0.0000    0.0000    0.0000 ( 0.00%)  i
register                   0.0000    0.0000    0.0000    0.0000 ( 0.00%)  
combinational           1.105e-04 8.725e-05 1.057e-06 1.988e-04 (100.00%) 
sequential                 0.0000    0.0000    0.0000    0.0000 ( 0.00%)  
memory                     0.0000    0.0000    0.0000    0.0000 ( 0.00%)  
io_pad                     0.0000    0.0000    0.0000    0.0000 ( 0.00%)  
black_box                  0.0000    0.0000    0.0000    0.0000 ( 0.00%)  

  Net Switching Power  = 8.725e-05   (43.89%)
  Cell Internal Power  = 1.105e-04   (55.58%)
  Cell Leakage Power   = 1.057e-06   ( 0.53%)
                         ---------
Total Power            = 1.988e-04  (100.00%)

1
