 
****************************************
Report : area
Design : top
Version: T-2022.03-SP5
Date   : Sun Feb 23 21:26:09 2025
****************************************

Library(s) Used:

    NangateOpenCellLibrary (File: /home/balaskas/axcarbon/libs/nangate45/db/nangate45.db)

Number of ports:                           49
Number of nets:                            52
Number of cells:                           37
Number of combinational cells:             37
Number of sequential cells:                 0
Number of macros/black boxes:               0
Number of buf/inv:                          7
Number of references:                      16

Combinational area:                 38.836000
Buf/Inv area:                        3.990000
Noncombinational area:               0.000000
Macro/Black Box area:                0.000000
Net Interconnect area:      undefined  (Wire load has zero net area)

Total cell area:                    38.836000
Total area:                 undefined
1
