 
****************************************
Report : area
Design : top
Version: T-2022.03-SP5
Date   : Tue Feb 25 06:53:12 2025
****************************************

Library(s) Used:

    saed32rvt_tt0p85v25c (File: /usr/local/eda/synLibs/SAED32_EDK/lib/stdcell_rvt/db_ccs/saed32rvt_tt0p85v25c.db)

Number of ports:                           32
Number of nets:                           493
Number of cells:                          476
Number of combinational cells:            476
Number of sequential cells:                 0
Number of macros/black boxes:               0
Number of buf/inv:                        106
Number of references:                      38

Combinational area:               1121.283342
Buf/Inv area:                      148.674242
Noncombinational area:               0.000000
Macro/Black Box area:                0.000000
Net Interconnect area:             167.514838

Total cell area:                  1121.283342
Total area:                       1288.798180
1
