****************************************
Report : timing
	-path_type full
	-delay_type max
	-max_paths 1
	-sort_by slack
Design : top
Version: T-2022.03-SP5
Date   : Mon Feb 24 16:32:24 2025
****************************************


  Startpoint: A[10] (input port clocked by clk)
  Endpoint: O[1] (output port clocked by clk)
  Path Group: clk
  Path Type: max

  Point                                    Incr       Path
  ---------------------------------------------------------------
  clock clk (rise edge)                   0.000      0.000
  clock network delay (ideal)             0.000      0.000
  input external delay                    0.000      0.000 f
  A[10] (in)                              0.000      0.000 f
  U48/Y (MAJIxp5_ASAP7_6t_R)             29.533     29.533 r
  U51/Y (MAJIxp5_ASAP7_6t_R)             27.461     56.995 f
  U52/Y (MAJIxp5_ASAP7_6t_R)             37.542     94.537 r
  U55/Y (MAJIxp5_ASAP7_6t_R)             27.831    122.368 f
  U65/Y (INVxp5_ASAP7_6t_R)              17.080    139.449 r
  U43/Y (AOI22xp25_ASAP7_6t_R)           26.763    166.212 f
  U42/Y (XNOR2xp5_ASAP7_6t_R)            31.882    198.094 f
  O[1] (out)                              0.000    198.094 f
  data arrival time                                198.094

  clock clk (rise edge)                 955.000    955.000
  clock network delay (ideal)             0.000    955.000
  clock reconvergence pessimism           0.000    955.000
  output external delay                   0.000    955.000
  data required time                               955.000
  ---------------------------------------------------------------
  data required time                               955.000
  data arrival time                               -198.094
  ---------------------------------------------------------------
  slack (MET)                                      756.906


1
