 
****************************************
Report : area
Design : top
Version: T-2022.03-SP5
Date   : Tue Feb 25 06:56:56 2025
****************************************

Library(s) Used:

    saed32rvt_tt0p85v25c (File: /usr/local/eda/synLibs/SAED32_EDK/lib/stdcell_rvt/db_ccs/saed32rvt_tt0p85v25c.db)

Number of ports:                           25
Number of nets:                            16
Number of cells:                            6
Number of combinational cells:              5
Number of sequential cells:                 0
Number of macros/black boxes:               0
Number of buf/inv:                          0
Number of references:                       3

Combinational area:                 14.740352
Buf/Inv area:                        0.000000
Noncombinational area:               0.000000
Macro/Black Box area:                0.000000
Net Interconnect area:               1.732664

Total cell area:                    14.740352
Total area:                         16.473015
1
