****************************************
Report : timing
	-path_type full
	-delay_type max
	-max_paths 1
	-sort_by slack
Design : top
Version: T-2022.03-SP5
Date   : Tue Feb 25 06:57:01 2025
****************************************


  Startpoint: A[5] (input port clocked by clk)
  Endpoint: O[7] (output port clocked by clk)
  Path Group: clk
  Path Type: max

  Point                                    Incr       Path
  ---------------------------------------------------------------
  clock clk (rise edge)                   0.000      0.000
  clock network delay (ideal)             0.000      0.000
  input external delay                    0.000      0.000 r
  A[5] (in)                               0.000      0.000 r
  U9/Y (OR2X1_RVT)                        0.017      0.017 r
  U13/CO (FADDX1_RVT)                     0.031      0.048 r
  U10/S (FADDX1_RVT)                      0.027      0.075 r
  O[7] (out)                              0.004      0.079 r
  data arrival time                                  0.079

  clock clk (rise edge)                   1.430      1.430
  clock network delay (ideal)             0.000      1.430
  clock reconvergence pessimism           0.000      1.430
  output external delay                   0.000      1.430
  data required time                                 1.430
  ---------------------------------------------------------------
  data required time                                 1.430
  data arrival time                                 -0.079
  ---------------------------------------------------------------
  slack (MET)                                        1.351


1
