****************************************
Report : timing
	-path_type full
	-delay_type max
	-max_paths 1
	-sort_by slack
Design : top
Version: T-2022.03-SP5
Date   : Sun Feb 23 21:09:11 2025
****************************************


  Startpoint: B[7] (input port clocked by clk)
  Endpoint: O[15] (output port clocked by clk)
  Path Group: clk
  Path Type: max

  Point                                    Incr       Path
  ---------------------------------------------------------------
  clock clk (rise edge)                   0.000      0.000
  clock network delay (ideal)             0.000      0.000
  input external delay                    0.000      0.000 f
  B[7] (in)                               0.000      0.000 f
  U33/ZN (OR2_X2)                         0.060      0.060 f
  U47/ZN (AOI21_X1)                       0.039      0.099 r
  U44/ZN (OR3_X1)                         0.045      0.144 r
  U60/ZN (NOR2_X1)                        0.029      0.173 f
  U46/ZN (OR2_X1)                         0.060      0.233 f
  U85/ZN (OAI21_X1)                       0.046      0.279 r
  U87/ZN (XNOR2_X1)                       0.058      0.337 r
  O[15] (out)                             0.002      0.339 r
  data arrival time                                  0.339

  clock clk (rise edge)                   0.000      0.000
  clock network delay (ideal)             0.000      0.000
  clock reconvergence pessimism           0.000      0.000
  output external delay                   0.000      0.000
  data required time                                 0.000
  ---------------------------------------------------------------
  data required time                                 0.000
  data arrival time                                 -0.339
  ---------------------------------------------------------------
  slack (VIOLATED)                                  -0.339


1
