 
****************************************
Report : area
Design : top
Version: T-2022.03-SP5
Date   : Mon Feb 24 16:32:57 2025
****************************************

Library(s) Used:

    asap7 (File: /home/balaskas/axcarbon/libs/asap7/db/asap7.db)

Number of ports:                           49
Number of nets:                            37
Number of cells:                           22
Number of combinational cells:             22
Number of sequential cells:                 0
Number of macros/black boxes:               0
Number of buf/inv:                          8
Number of references:                       8

Combinational area:                  1.306368
Buf/Inv area:                        0.279936
Noncombinational area:               0.000000
Macro/Black Box area:                0.000000
Net Interconnect area:      undefined  (No wire load specified)

Total cell area:                     1.306368
Total area:                 undefined
1
