 
****************************************
Report : area
Design : top
Version: T-2022.03-SP5
Date   : Mon Feb 24 15:12:43 2025
****************************************

Library(s) Used:

    asap7 (File: /home/balaskas/axcarbon/libs/asap7/db/asap7.db)

Number of ports:                           25
Number of nets:                            86
Number of cells:                           70
Number of combinational cells:             70
Number of sequential cells:                 0
Number of macros/black boxes:               0
Number of buf/inv:                         13
Number of references:                      27

Combinational area:                  5.038848
Buf/Inv area:                        0.559872
Noncombinational area:               0.000000
Macro/Black Box area:                0.000000
Net Interconnect area:      undefined  (No wire load specified)

Total cell area:                     5.038848
Total area:                 undefined
1
