 
****************************************
Report : area
Design : top
Version: T-2022.03-SP5
Date   : Sun Feb 23 21:04:46 2025
****************************************

Library(s) Used:

    typical (File: /home/balaskas/axcarbon/libs/variability14/db/predicted_0.db)

Number of ports:                           25
Number of nets:                            65
Number of cells:                           51
Number of combinational cells:             50
Number of sequential cells:                 0
Number of macros/black boxes:               0
Number of buf/inv:                         10
Number of references:                      18

Combinational area:                 13.811712
Buf/Inv area:                        1.867776
Noncombinational area:               0.000000
Macro/Black Box area:                0.000000
Net Interconnect area:      undefined  (No wire load specified)

Total cell area:                    13.811712
Total area:                 undefined
1
