****************************************
Report : timing
	-path_type full
	-delay_type max
	-max_paths 1
	-sort_by slack
Design : top
Version: T-2022.03-SP5
Date   : Mon Feb 24 21:24:58 2025
****************************************


  Startpoint: A[12] (input port clocked by clk)
  Endpoint: O[16] (output port clocked by clk)
  Path Group: clk
  Path Type: max

  Point                                                   Incr       Path
  ------------------------------------------------------------------------------
  clock clk (rise edge)                                  0.000      0.000
  clock network delay (ideal)                            0.000      0.000
  input external delay                                   0.000      0.000 f
  A[12] (in)                                             0.000      0.000 f
  intadd_0_U4/CO (SAEDRVT14_ADDF_V1_0P5)                 0.045      0.045 f
  intadd_0_U3/CO (SAEDRVT14_ADDF_V1_0P5)                 0.042      0.087 f
  intadd_0_U2/CO (SAEDRVT14_ADDF_V1_0P5)                 0.043      0.130 f
  U8/X (SAEDRVT14_AN2_MM_0P5)                            0.027      0.158 f
  U10/X (SAEDRVT14_AO21_U_0P5)                           0.022      0.180 f
  O[16] (out)                                            0.004      0.184 f
  data arrival time                                                 0.184

  clock clk (rise edge)                                  1.065      1.065
  clock network delay (ideal)                            0.000      1.065
  clock reconvergence pessimism                          0.000      1.065
  output external delay                                  0.000      1.065
  data required time                                                1.065
  ------------------------------------------------------------------------------
  data required time                                                1.065
  data arrival time                                                -0.184
  ------------------------------------------------------------------------------
  slack (MET)                                                       0.881


1
