 
****************************************
Report : area
Design : top
Version: T-2022.03-SP5
Date   : Sun Feb 23 20:52:00 2025
****************************************

Library(s) Used:

    typical (File: /home/balaskas/axcarbon/libs/fdsoi28/db/28nm_FDSOI_0.9V_300K.db)

Number of ports:                           25
Number of nets:                            91
Number of cells:                           75
Number of combinational cells:             75
Number of sequential cells:                 0
Number of macros/black boxes:               0
Number of buf/inv:                         21
Number of references:                      21

Combinational area:                150.023999
Buf/Inv area:                       57.189999
Noncombinational area:               0.000000
Macro/Black Box area:                0.000000
Net Interconnect area:      undefined  (No wire load specified)

Total cell area:                   150.023999
Total area:                 undefined
1
