 
****************************************
Report : area
Design : top
Version: T-2022.03-SP5
Date   : Tue Feb 25 06:51:00 2025
****************************************

Library(s) Used:

    saed32rvt_tt0p85v25c (File: /usr/local/eda/synLibs/SAED32_EDK/lib/stdcell_rvt/db_ccs/saed32rvt_tt0p85v25c.db)

Number of ports:                           49
Number of nets:                            64
Number of cells:                           28
Number of combinational cells:             27
Number of sequential cells:                 0
Number of macros/black boxes:               0
Number of buf/inv:                          5
Number of references:                      11

Combinational area:                 95.558143
Buf/Inv area:                        6.353600
Noncombinational area:               0.000000
Macro/Black Box area:                0.000000
Net Interconnect area:               7.167243

Total cell area:                    95.558143
Total area:                        102.725386
1
