 
****************************************
Report : area
Design : top
Version: T-2022.03-SP5
Date   : Sun Feb 23 20:57:29 2025
****************************************

Library(s) Used:

    asap7 (File: /home/balaskas/axcarbon/libs/asap7/db/asap7.db)

Number of ports:                           32
Number of nets:                           498
Number of cells:                          482
Number of combinational cells:            482
Number of sequential cells:                 0
Number of macros/black boxes:               0
Number of buf/inv:                        121
Number of references:                      51

Combinational area:                 31.364496
Buf/Inv area:                        4.887216
Noncombinational area:               0.000000
Macro/Black Box area:                0.000000
Net Interconnect area:      undefined  (No wire load specified)

Total cell area:                    31.364496
Total area:                 undefined
1
