****************************************
Report : timing
	-path_type full
	-delay_type max
	-max_paths 1
	-sort_by slack
Design : top
Version: T-2022.03-SP5
Date   : Sun Feb 23 20:56:15 2025
****************************************


  Startpoint: B[2] (input port clocked by clk)
  Endpoint: O[6] (output port clocked by clk)
  Path Group: clk
  Path Type: max

  Point                                    Incr       Path
  ---------------------------------------------------------------
  clock clk (rise edge)                   0.000      0.000
  clock network delay (ideal)             0.000      0.000
  input external delay                    0.000      0.000 r
  B[2] (in)                               0.000      0.000 r
  U23/ZN (AND2_X2)                        0.055      0.055 r
  U24/ZN (OAI21_X1)                       0.036      0.091 f
  U34/ZN (OAI211_X1)                      0.052      0.143 r
  U48/ZN (NAND2_X1)                       0.034      0.177 f
  U50/ZN (NAND2_X1)                       0.033      0.210 r
  U52/ZN (XNOR2_X1)                       0.054      0.264 r
  O[6] (out)                              0.002      0.266 r
  data arrival time                                  0.266

  clock clk (rise edge)                   0.000      0.000
  clock network delay (ideal)             0.000      0.000
  clock reconvergence pessimism           0.000      0.000
  output external delay                   0.000      0.000
  data required time                                 0.000
  ---------------------------------------------------------------
  data required time                                 0.000
  data arrival time                                 -0.266
  ---------------------------------------------------------------
  slack (VIOLATED)                                  -0.266


1
