 
****************************************
Report : area
Design : top
Version: T-2022.03-SP5
Date   : Mon Feb 24 15:24:12 2025
****************************************

Library(s) Used:

    typical (File: /home/balaskas/axcarbon/libs/fdsoi28/db/28nm_FDSOI_0.9V_300K.db)

Number of ports:                           25
Number of nets:                            15
Number of cells:                            5
Number of combinational cells:              4
Number of sequential cells:                 0
Number of macros/black boxes:               0
Number of buf/inv:                          0
Number of references:                       3

Combinational area:                 11.172000
Buf/Inv area:                        0.000000
Noncombinational area:               0.000000
Macro/Black Box area:                0.000000
Net Interconnect area:      undefined  (No wire load specified)

Total cell area:                    11.172000
Total area:                 undefined
1
