****************************************
Report : timing
	-path_type full
	-delay_type max
	-max_paths 1
	-sort_by slack
Design : top
Version: T-2022.03-SP5
Date   : Sun Feb 23 20:53:04 2025
****************************************


  Startpoint: A[1] (input port clocked by clk)
  Endpoint: O[13] (output port clocked by clk)
  Path Group: clk
  Path Type: max

  Point                                    Incr       Path
  ---------------------------------------------------------------
  clock clk (rise edge)                   0.000      0.000
  clock network delay (ideal)             0.000      0.000
  input external delay                    0.000      0.000 f
  A[1] (in)                               0.000      0.000 f
  U45/ZN (OR2_X1)                         0.058      0.058 f
  U52/ZN (AOI21_X1)                       0.037      0.096 r
  U53/ZN (OR3_X1)                         0.037      0.132 r
  U61/ZN (AND2_X1)                        0.040      0.172 r
  U60/ZN (OAI211_X1)                      0.035      0.207 f
  U137/ZN (AND3_X1)                       0.045      0.252 f
  U138/ZN (AOI211_X1)                     0.086      0.338 r
  U140/ZN (XNOR2_X1)                      0.063      0.402 r
  O[13] (out)                             0.002      0.404 r
  data arrival time                                  0.404

  clock clk (rise edge)                   0.000      0.000
  clock network delay (ideal)             0.000      0.000
  clock reconvergence pessimism           0.000      0.000
  output external delay                   0.000      0.000
  data required time                                 0.000
  ---------------------------------------------------------------
  data required time                                 0.000
  data arrival time                                 -0.404
  ---------------------------------------------------------------
  slack (VIOLATED)                                  -0.404


1
