 
****************************************
Report : area
Design : top
Version: T-2022.03-SP5
Date   : Mon Feb 24 15:15:03 2025
****************************************

Library(s) Used:

    asap7 (File: /home/balaskas/axcarbon/libs/asap7/db/asap7.db)

Number of ports:                           49
Number of nets:                           180
Number of cells:                          153
Number of combinational cells:            153
Number of sequential cells:                 0
Number of macros/black boxes:               0
Number of buf/inv:                         33
Number of references:                      40

Combinational area:                 11.372400
Buf/Inv area:                        1.912896
Noncombinational area:               0.000000
Macro/Black Box area:                0.000000
Net Interconnect area:      undefined  (No wire load specified)

Total cell area:                    11.372400
Total area:                 undefined
1
