 
****************************************
Report : area
Design : top
Version: T-2022.03-SP5
Date   : Mon Feb 24 16:29:44 2025
****************************************

Library(s) Used:

    asap7 (File: /home/balaskas/axcarbon/libs/asap7/db/asap7.db)

Number of ports:                           49
Number of nets:                            90
Number of cells:                           63
Number of combinational cells:             63
Number of sequential cells:                 0
Number of macros/black boxes:               0
Number of buf/inv:                         24
Number of references:                       7

Combinational area:                  4.070736
Buf/Inv area:                        0.839808
Noncombinational area:               0.000000
Macro/Black Box area:                0.000000
Net Interconnect area:      undefined  (No wire load specified)

Total cell area:                     4.070736
Total area:                 undefined
1
