 
****************************************
Report : area
Design : top
Version: T-2022.03-SP5
Date   : Sun Feb 23 20:53:12 2025
****************************************

Library(s) Used:

    asap7 (File: /home/balaskas/axcarbon/libs/asap7/db/asap7.db)

Number of ports:                           25
Number of nets:                            77
Number of cells:                           61
Number of combinational cells:             61
Number of sequential cells:                 0
Number of macros/black boxes:               0
Number of buf/inv:                         16
Number of references:                      23

Combinational area:                  4.793904
Buf/Inv area:                        0.606528
Noncombinational area:               0.000000
Macro/Black Box area:                0.000000
Net Interconnect area:      undefined  (No wire load specified)

Total cell area:                     4.793904
Total area:                 undefined
1
