 
****************************************
Report : area
Design : top
Version: T-2022.03-SP5
Date   : Sun Feb 23 21:14:04 2025
****************************************

Library(s) Used:

    NangateOpenCellLibrary (File: /home/balaskas/axcarbon/libs/nangate45/db/nangate45.db)

Number of ports:                           32
Number of nets:                           436
Number of cells:                          420
Number of combinational cells:            419
Number of sequential cells:                 0
Number of macros/black boxes:               0
Number of buf/inv:                         81
Number of references:                      26

Combinational area:                446.347997
Buf/Inv area:                       45.220000
Noncombinational area:               0.000000
Macro/Black Box area:                0.000000
Net Interconnect area:      undefined  (Wire load has zero net area)

Total cell area:                   446.347997
Total area:                 undefined
1
