****************************************
Report : timing
	-path_type full
	-delay_type max
	-max_paths 1
	-sort_by slack
Design : top
Version: T-2022.03-SP5
Date   : Sun Feb 23 21:14:08 2025
****************************************


  Startpoint: B[6] (input port clocked by clk)
  Endpoint: O[13] (output port clocked by clk)
  Path Group: clk
  Path Type: max

  Point                                    Incr       Path
  ---------------------------------------------------------------
  clock clk (rise edge)                   0.000      0.000
  clock network delay (ideal)             0.000      0.000
  input external delay                    0.000      0.000 r
  B[6] (in)                               0.000      0.000 r
  U161/ZN (NAND2_X1)                      0.031      0.031 f
  U188/ZN (AND2_X1)                       0.043      0.074 f
  U338/ZN (OR2_X1)                        0.057      0.131 f
  U340/ZN (XNOR2_X1)                      0.055      0.186 r
  U341/ZN (NAND2_X1)                      0.035      0.221 f
  U225/ZN (AND2_X1)                       0.042      0.263 f
  U362/ZN (XNOR2_X1)                      0.054      0.318 f
  U368/ZN (NAND2_X1)                      0.036      0.354 r
  U186/ZN (NAND2_X1)                      0.042      0.396 f
  U371/CO (FA_X1)                         0.119      0.515 f
  U406/ZN (XNOR2_X1)                      0.068      0.583 f
  U407/ZN (XNOR2_X1)                      0.077      0.660 r
  U259/ZN (XNOR2_X1)                      0.070      0.731 r
  U465/ZN (NOR2_X1)                       0.032      0.763 f
  U185/ZN (OR4_X2)                        0.125      0.888 f
  U235/ZN (NAND3_X1)                      0.036      0.924 r
  U514/ZN (XNOR2_X1)                      0.055      0.979 r
  O[13] (out)                             0.002      0.981 r
  data arrival time                                  0.981

  clock clk (rise edge)                   0.000      0.000
  clock network delay (ideal)             0.000      0.000
  clock reconvergence pessimism           0.000      0.000
  output external delay                   0.000      0.000
  data required time                                 0.000
  ---------------------------------------------------------------
  data required time                                 0.000
  data arrival time                                 -0.981
  ---------------------------------------------------------------
  slack (VIOLATED)                                  -0.981


1
