****************************************
Report : Averaged Power
Design : top
Version: T-2022.03-SP5
Date   : Sun Feb 23 21:14:23 2025
****************************************



  Attributes
  ----------
      i  -  Including register clock pin internal power
      u  -  User defined power group

                        Internal  Switching  Leakage    Total
Power Group             Power     Power      Power      Power   (     %)  Attrs
--------------------------------------------------------------------------------
clock_network              0.0000    0.0000    0.0000    0.0000 ( 0.00%)  i
register                   0.0000    0.0000    0.0000    0.0000 ( 0.00%)  
combinational           5.424e-06 4.437e-06 1.064e-05 2.050e-05 (100.00%) 
sequential                 0.0000    0.0000    0.0000    0.0000 ( 0.00%)  
memory                     0.0000    0.0000    0.0000    0.0000 ( 0.00%)  
io_pad                     0.0000    0.0000    0.0000    0.0000 ( 0.00%)  
black_box                  0.0000    0.0000    0.0000    0.0000 ( 0.00%)  

  Net Switching Power  = 4.437e-06   (21.65%)
  Cell Internal Power  = 5.424e-06   (26.46%)
  Cell Leakage Power   = 1.064e-05   (51.89%)
                         ---------
Total Power            = 2.050e-05  (100.00%)

1
