****************************************
Report : timing
	-path_type full
	-delay_type max
	-max_paths 1
	-sort_by slack
Design : top
Version: T-2022.03-SP5
Date   : Sun Feb 23 20:56:21 2025
****************************************


  Startpoint: B[5] (input port clocked by clk)
  Endpoint: O[13] (output port clocked by clk)
  Path Group: clk
  Path Type: max

  Point                                    Incr       Path
  ---------------------------------------------------------------
  clock clk (rise edge)                   0.000      0.000
  clock network delay (ideal)             0.000      0.000
  input external delay                    0.000      0.000 f
  B[5] (in)                               0.000      0.000 f
  U87/ZN (NAND2_X4)                       0.002      0.002 r
  U88/ZN (INV_X4)                         0.002      0.004 f
  U59/ZN (AOI21_X4)                       0.005      0.008 r
  U85/ZN (OAI21_X4)                       0.005      0.013 f
  U84/ZN (AOI21_X4)                       0.006      0.019 r
  U123/ZN (OAI21_X1)                      0.005      0.024 f
  U125/ZN (XNOR2_X1)                      0.006      0.030 f
  O[13] (out)                             0.000      0.030 f
  data arrival time                                  0.030

  clock clk (rise edge)                   0.000      0.000
  clock network delay (ideal)             0.000      0.000
  clock reconvergence pessimism           0.000      0.000
  output external delay                   0.000      0.000
  data required time                                 0.000
  ---------------------------------------------------------------
  data required time                                 0.000
  data arrival time                                 -0.030
  ---------------------------------------------------------------
  slack (VIOLATED)                                  -0.030


1
