 
****************************************
Report : area
Design : top
Version: T-2022.03-SP5
Date   : Sun Feb 23 20:52:31 2025
****************************************

Library(s) Used:

    typical (File: /home/balaskas/axcarbon/libs/fdsoi28/db/28nm_FDSOI_0.9V_300K.db)

Number of ports:                           49
Number of nets:                           200
Number of cells:                          168
Number of combinational cells:            168
Number of sequential cells:                 0
Number of macros/black boxes:               0
Number of buf/inv:                         47
Number of references:                      31

Combinational area:                296.324001
Buf/Inv area:                       78.470000
Noncombinational area:               0.000000
Macro/Black Box area:                0.000000
Net Interconnect area:      undefined  (No wire load specified)

Total cell area:                   296.324001
Total area:                 undefined
1
