 
****************************************
Report : area
Design : top
Version: T-2022.03-SP5
Date   : Sun Feb 23 21:06:09 2025
****************************************

Library(s) Used:

    typical (File: /home/balaskas/axcarbon/libs/fdsoi28/db/28nm_FDSOI_0.9V_300K.db)

Number of ports:                           32
Number of nets:                           547
Number of cells:                          530
Number of combinational cells:            529
Number of sequential cells:                 0
Number of macros/black boxes:               0
Number of buf/inv:                        137
Number of references:                      44

Combinational area:                752.780008
Buf/Inv area:                       93.632001
Noncombinational area:               0.000000
Macro/Black Box area:                0.000000
Net Interconnect area:      undefined  (No wire load specified)

Total cell area:                   752.780008
Total area:                 undefined
1
