****************************************
Report : Averaged Power
Design : top
Version: T-2022.03-SP5
Date   : Sun Feb 23 21:06:29 2025
****************************************



  Attributes
  ----------
      i  -  Including register clock pin internal power
      u  -  User defined power group

                        Internal  Switching  Leakage    Total
Power Group             Power     Power      Power      Power   (     %)  Attrs
--------------------------------------------------------------------------------
clock_network              0.0000    0.0000    0.0000    0.0000 ( 0.00%)  i
register                   0.0000    0.0000    0.0000    0.0000 ( 0.00%)  
combinational           7.886e-06 5.026e-06 1.495e-07 1.306e-05 (100.00%) 
sequential                 0.0000    0.0000    0.0000    0.0000 ( 0.00%)  
memory                     0.0000    0.0000    0.0000    0.0000 ( 0.00%)  
io_pad                     0.0000    0.0000    0.0000    0.0000 ( 0.00%)  
black_box                  0.0000    0.0000    0.0000    0.0000 ( 0.00%)  

  Net Switching Power  = 5.026e-06   (38.48%)
  Cell Internal Power  = 7.886e-06   (60.38%)
  Cell Leakage Power   = 1.495e-07   ( 1.14%)
                         ---------
Total Power            = 1.306e-05  (100.00%)

1
