 
****************************************
Report : area
Design : top
Version: T-2022.03-SP5
Date   : Tue Feb 25 06:49:56 2025
****************************************

Library(s) Used:

    saed32rvt_tt0p85v25c (File: /usr/local/eda/synLibs/SAED32_EDK/lib/stdcell_rvt/db_ccs/saed32rvt_tt0p85v25c.db)

Number of ports:                           32
Number of nets:                           511
Number of cells:                          492
Number of combinational cells:            492
Number of sequential cells:                 0
Number of macros/black boxes:               0
Number of buf/inv:                        103
Number of references:                      37

Combinational area:               1168.808271
Buf/Inv area:                      138.000193
Noncombinational area:               0.000000
Macro/Black Box area:                0.000000
Net Interconnect area:             167.613830

Total cell area:                  1168.808271
Total area:                       1336.422101
1
