****************************************
Report : Averaged Power
Design : top
Version: T-2022.03-SP5
Date   : Sun Feb 23 21:02:17 2025
****************************************



  Attributes
  ----------
      i  -  Including register clock pin internal power
      u  -  User defined power group

                        Internal  Switching  Leakage    Total
Power Group             Power     Power      Power      Power   (     %)  Attrs
--------------------------------------------------------------------------------
clock_network              0.0000    0.0000    0.0000    0.0000 ( 0.00%)  i
register                   0.0000    0.0000    0.0000    0.0000 ( 0.00%)  
combinational           2.001e-04 2.215e-04 4.793e-08 4.216e-04 (100.00%) 
sequential                 0.0000    0.0000    0.0000    0.0000 ( 0.00%)  
memory                     0.0000    0.0000    0.0000    0.0000 ( 0.00%)  
io_pad                     0.0000    0.0000    0.0000    0.0000 ( 0.00%)  
black_box                  0.0000    0.0000    0.0000    0.0000 ( 0.00%)  

  Net Switching Power  = 2.215e-04   (52.53%)
  Cell Internal Power  = 2.001e-04   (47.46%)
  Cell Leakage Power   = 4.793e-08   ( 0.01%)
                         ---------
Total Power            = 4.216e-04  (100.00%)

1
