****************************************
Report : timing
	-path_type full
	-delay_type max
	-max_paths 1
	-sort_by slack
Design : top
Version: T-2022.03-SP5
Date   : Sun Feb 23 21:02:03 2025
****************************************


  Startpoint: B[4] (input port clocked by clk)
  Endpoint: O[15] (output port clocked by clk)
  Path Group: clk
  Path Type: max

  Point                                    Incr       Path
  ---------------------------------------------------------------
  clock clk (rise edge)                   0.000      0.000
  clock network delay (ideal)             0.000      0.000
  input external delay                    0.000      0.000 r
  B[4] (in)                               0.000      0.000 r
  U55/ZN (NAND2_X4)                       0.002      0.002 f
  U57/ZN (NAND2_X4)                       0.003      0.005 r
  U50/ZN (NAND2_X4)                       0.003      0.007 f
  U47/ZN (OAI21_X4)                       0.006      0.013 r
  U43/ZN (AOI21_X4)                       0.004      0.017 f
  U108/ZN (OAI21_X1)                      0.005      0.022 r
  U110/ZN (XNOR2_X1)                      0.007      0.029 r
  O[15] (out)                             0.000      0.029 r
  data arrival time                                  0.029

  clock clk (rise edge)                   0.000      0.000
  clock network delay (ideal)             0.000      0.000
  clock reconvergence pessimism           0.000      0.000
  output external delay                   0.000      0.000
  data required time                                 0.000
  ---------------------------------------------------------------
  data required time                                 0.000
  data arrival time                                 -0.029
  ---------------------------------------------------------------
  slack (VIOLATED)                                  -0.029


1
