 
****************************************
Report : area
Design : top
Version: T-2022.03-SP5
Date   : Mon Feb 24 16:29:40 2025
****************************************

Library(s) Used:

    asap7 (File: /home/balaskas/axcarbon/libs/asap7/db/asap7.db)

Number of ports:                           32
Number of nets:                           294
Number of cells:                          278
Number of combinational cells:            278
Number of sequential cells:                 0
Number of macros/black boxes:               0
Number of buf/inv:                         58
Number of references:                      24

Combinational area:                 19.548864
Buf/Inv area:                        2.029536
Noncombinational area:               0.000000
Macro/Black Box area:                0.000000
Net Interconnect area:      undefined  (No wire load specified)

Total cell area:                    19.548864
Total area:                 undefined
1
