 
****************************************
Report : area
Design : top
Version: T-2022.03-SP5
Date   : Tue Feb 25 06:58:42 2025
****************************************

Library(s) Used:

    saed32rvt_tt0p85v25c (File: /usr/local/eda/synLibs/SAED32_EDK/lib/stdcell_rvt/db_ccs/saed32rvt_tt0p85v25c.db)

Number of ports:                           49
Number of nets:                            22
Number of cells:                            8
Number of combinational cells:              7
Number of sequential cells:                 0
Number of macros/black boxes:               0
Number of buf/inv:                          1
Number of references:                       7

Combinational area:                 18.044224
Buf/Inv area:                        1.270720
Noncombinational area:               0.000000
Macro/Black Box area:                0.000000
Net Interconnect area:               2.881475

Total cell area:                    18.044224
Total area:                         20.925699
1
