 
****************************************
Report : area
Design : top
Version: T-2022.03-SP5
Date   : Mon Feb 24 15:20:41 2025
****************************************

Library(s) Used:

    typical (File: /home/balaskas/axcarbon/libs/fdsoi28/db/28nm_FDSOI_0.9V_300K.db)

Number of ports:                           25
Number of nets:                            27
Number of cells:                           11
Number of combinational cells:             10
Number of sequential cells:                 0
Number of macros/black boxes:               0
Number of buf/inv:                          1
Number of references:                       6

Combinational area:                 22.610000
Buf/Inv area:                        0.532000
Noncombinational area:               0.000000
Macro/Black Box area:                0.000000
Net Interconnect area:      undefined  (No wire load specified)

Total cell area:                    22.610000
Total area:                 undefined
1
