****************************************
Report : timing
	-path_type full
	-delay_type max
	-max_paths 1
	-sort_by slack
Design : top
Version: T-2022.03-SP5
Date   : Mon Feb 24 15:20:46 2025
****************************************


  Startpoint: A[2] (input port clocked by clk)
  Endpoint: O[7] (output port clocked by clk)
  Path Group: clk
  Path Type: max

  Point                                    Incr       Path
  ---------------------------------------------------------------
  clock clk (rise edge)                   0.000      0.000
  clock network delay (ideal)             0.000      0.000
  input external delay                    0.000      0.000 f
  A[2] (in)                               0.000      0.000 f
  U13/ZN (NAND2_X1)                       0.002      0.002 r
  U14/ZN (NOR3_X1)                        0.002      0.004 f
  U15/ZN (NAND3_X1)                       0.003      0.007 r
  U16/ZN (INV_X1)                         0.002      0.009 f
  intadd_0_U5/CO (FA_X1)                  0.012      0.021 f
  intadd_0_U4/CO (FA_X1)                  0.013      0.034 f
  intadd_0_U3/CO (FA_X1)                  0.013      0.047 f
  intadd_0_U2/S (FA_X1)                   0.018      0.065 r
  O[7] (out)                              0.000      0.065 r
  data arrival time                                  0.065

  clock clk (rise edge)                   1.430      1.430
  clock network delay (ideal)             0.000      1.430
  clock reconvergence pessimism           0.000      1.430
  output external delay                   0.000      1.430
  data required time                                 1.430
  ---------------------------------------------------------------
  data required time                                 1.430
  data arrival time                                 -0.065
  ---------------------------------------------------------------
  slack (MET)                                        1.365


1
