****************************************
Report : timing
	-path_type full
	-delay_type max
	-max_paths 1
	-sort_by slack
Design : top
Version: T-2022.03-SP5
Date   : Mon Feb 24 15:15:33 2025
****************************************


  Startpoint: B[6] (input port clocked by clk)
  Endpoint: O[15] (output port clocked by clk)
  Path Group: clk
  Path Type: max

  Point                                    Incr       Path
  ---------------------------------------------------------------
  clock clk (rise edge)                   0.000      0.000
  clock network delay (ideal)             0.000      0.000
  input external delay                    0.000      0.000 r
  B[6] (in)                               0.000      0.000 r
  U222/ZN (NAND2_X1)                      0.017      0.017 f
  U256/Z (XOR2_X1)                        0.029      0.047 f
  intadd_1_U7/S (FA_X1)                   0.053      0.100 r
  intadd_2_U6/S (FA_X1)                   0.053      0.153 f
  intadd_3_U5/S (FA_X1)                   0.052      0.204 r
  intadd_4_U4/S (FA_X1)                   0.053      0.257 f
  intadd_0_U8/S (FA_X1)                   0.052      0.309 r
  intadd_5_U2/CO (FA_X1)                  0.034      0.343 r
  U175/Z (AND2_X1)                        0.025      0.368 r
  intadd_0_U6/CO (FA_X1)                  0.036      0.404 r
  intadd_0_U5/CO (FA_X1)                  0.032      0.436 r
  intadd_0_U4/CO (FA_X1)                  0.032      0.468 r
  intadd_0_U3/CO (FA_X1)                  0.032      0.500 r
  intadd_0_U2/CO (FA_X1)                  0.035      0.536 r
  U173/ZN (NAND2_X1)                      0.014      0.549 f
  U174/ZN (OAI21_X1)                      0.011      0.560 r
  O[15] (out)                             0.000      0.560 r
  data arrival time                                  0.560

  clock clk (rise edge)                   1.065      1.065
  clock network delay (ideal)             0.000      1.065
  clock reconvergence pessimism           0.000      1.065
  output external delay                   0.000      1.065
  data required time                                 1.065
  ---------------------------------------------------------------
  data required time                                 1.065
  data arrival time                                 -0.560
  ---------------------------------------------------------------
  slack (MET)                                        0.505


1
