 
****************************************
Report : area
Design : top
Version: T-2022.03-SP5
Date   : Sun Feb 23 21:07:43 2025
****************************************

Library(s) Used:

    typical (File: /home/balaskas/axcarbon/libs/fdsoi28/db/28nm_FDSOI_0.9V_300K.db)

Number of ports:                           49
Number of nets:                           124
Number of cells:                          103
Number of combinational cells:            102
Number of sequential cells:                 0
Number of macros/black boxes:               0
Number of buf/inv:                         31
Number of references:                      25

Combinational area:                184.337999
Buf/Inv area:                       66.499999
Noncombinational area:               0.000000
Macro/Black Box area:                0.000000
Net Interconnect area:      undefined  (No wire load specified)

Total cell area:                   184.337999
Total area:                 undefined
1
