****************************************
Report : timing
	-path_type full
	-delay_type max
	-max_paths 1
	-sort_by slack
Design : top
Version: T-2022.03-SP5
Date   : Sun Feb 23 21:00:48 2025
****************************************


  Startpoint: A[5] (input port clocked by clk)
  Endpoint: O[13] (output port clocked by clk)
  Path Group: clk
  Path Type: max

  Point                                    Incr       Path
  ---------------------------------------------------------------
  clock clk (rise edge)                   0.000      0.000
  clock network delay (ideal)             0.000      0.000
  input external delay                    0.000      0.000 f
  A[5] (in)                               0.000      0.000 f
  U78/ZN (NOR2_X2)                        0.012      0.012 r
  U61/ZN (OAI21_X2)                       0.016      0.028 f
  U49/ZN (NAND2_X2)                       0.013      0.041 r
  U69/ZN (AOI21_X2)                       0.013      0.054 f
  U57/ZN (NOR2_X1)                        0.017      0.071 r
  U131/ZN (OAI21_X1)                      0.018      0.089 f
  U133/ZN (XNOR2_X1)                      0.024      0.113 f
  O[13] (out)                             0.000      0.113 f
  data arrival time                                  0.113

  clock clk (rise edge)                   0.000      0.000
  clock network delay (ideal)             0.000      0.000
  clock reconvergence pessimism           0.000      0.000
  output external delay                   0.000      0.000
  data required time                                 0.000
  ---------------------------------------------------------------
  data required time                                 0.000
  data arrival time                                 -0.113
  ---------------------------------------------------------------
  slack (VIOLATED)                                  -0.113


1
