 
****************************************
Report : area
Design : top
Version: T-2022.03-SP5
Date   : Sun Feb 23 21:00:44 2025
****************************************

Library(s) Used:

    typical (File: /home/balaskas/axcarbon/libs/variability14/db/predicted_0.db)

Number of ports:                           49
Number of nets:                           152
Number of cells:                          126
Number of combinational cells:            125
Number of sequential cells:                 0
Number of macros/black boxes:               0
Number of buf/inv:                         28
Number of references:                      18

Combinational area:                 32.833537
Buf/Inv area:                        5.013504
Noncombinational area:               0.000000
Macro/Black Box area:                0.000000
Net Interconnect area:      undefined  (No wire load specified)

Total cell area:                    32.833537
Total area:                 undefined
1
