 
****************************************
Report : area
Design : top
Version: T-2022.03-SP5
Date   : Mon Feb 24 16:31:41 2025
****************************************

Library(s) Used:

    asap7 (File: /home/balaskas/axcarbon/libs/asap7/db/asap7.db)

Number of ports:                           32
Number of nets:                           232
Number of cells:                          216
Number of combinational cells:            216
Number of sequential cells:                 0
Number of macros/black boxes:               0
Number of buf/inv:                         43
Number of references:                      24

Combinational area:                 14.778288
Buf/Inv area:                        1.504656
Noncombinational area:               0.000000
Macro/Black Box area:                0.000000
Net Interconnect area:      undefined  (No wire load specified)

Total cell area:                    14.778288
Total area:                 undefined
1
