****************************************
Report : timing
	-path_type full
	-delay_type max
	-max_paths 1
	-sort_by slack
Design : top
Version: T-2022.03-SP5
Date   : Mon Feb 24 15:26:27 2025
****************************************


  Startpoint: A[6] (input port clocked by clk)
  Endpoint: O[7] (output port clocked by clk)
  Path Group: clk
  Path Type: max

  Point                                    Incr       Path
  ---------------------------------------------------------------
  clock clk (rise edge)                   0.000      0.000
  clock network delay (ideal)             0.000      0.000
  input external delay                    0.000      0.000 f
  A[6] (in)                               0.000      0.000 f
  U8/ZN (NOR2_X1)                         0.045      0.045 r
  U10/ZN (INV_X1)                         0.029      0.075 f
  U11/S (FA_X1)                           0.125      0.200 r
  O[7] (out)                              0.002      0.201 r
  data arrival time                                  0.201

  clock clk (rise edge)                   2.000      2.000
  clock network delay (ideal)             0.000      2.000
  clock reconvergence pessimism           0.000      2.000
  output external delay                   0.000      2.000
  data required time                                 2.000
  ---------------------------------------------------------------
  data required time                                 2.000
  data arrival time                                 -0.201
  ---------------------------------------------------------------
  slack (MET)                                        1.799


1
