 
****************************************
Report : area
Design : top
Version: T-2022.03-SP5
Date   : Tue Feb 25 06:54:49 2025
****************************************

Library(s) Used:

    saed32rvt_tt0p85v25c (File: /usr/local/eda/synLibs/SAED32_EDK/lib/stdcell_rvt/db_ccs/saed32rvt_tt0p85v25c.db)

Number of ports:                           32
Number of nets:                           460
Number of cells:                          440
Number of combinational cells:            439
Number of sequential cells:                 0
Number of macros/black boxes:               0
Number of buf/inv:                        102
Number of references:                      36

Combinational area:               1015.559436
Buf/Inv area:                      138.254337
Noncombinational area:               0.000000
Macro/Black Box area:                0.000000
Net Interconnect area:             149.883040

Total cell area:                  1015.559436
Total area:                       1165.442476
1
