 
****************************************
Report : area
Design : top
Version: T-2022.03-SP5
Date   : Sun Feb 23 20:51:28 2025
****************************************

Library(s) Used:

    asap7 (File: /home/balaskas/axcarbon/libs/asap7/db/asap7.db)

Number of ports:                           32
Number of nets:                           493
Number of cells:                          477
Number of combinational cells:            477
Number of sequential cells:                 0
Number of macros/black boxes:               0
Number of buf/inv:                        119
Number of references:                      52

Combinational area:                 32.577552
Buf/Inv area:                        4.595616
Noncombinational area:               0.000000
Macro/Black Box area:                0.000000
Net Interconnect area:      undefined  (No wire load specified)

Total cell area:                    32.577552
Total area:                 undefined
1
