 
****************************************
Report : area
Design : top
Version: T-2022.03-SP5
Date   : Sun Feb 23 20:57:58 2025
****************************************

Library(s) Used:

    asap7 (File: /home/balaskas/axcarbon/libs/asap7/db/asap7.db)

Number of ports:                           25
Number of nets:                            63
Number of cells:                           47
Number of combinational cells:             47
Number of sequential cells:                 0
Number of macros/black boxes:               0
Number of buf/inv:                          8
Number of references:                      17

Combinational area:                  3.814128
Buf/Inv area:                        0.279936
Noncombinational area:               0.000000
Macro/Black Box area:                0.000000
Net Interconnect area:      undefined  (No wire load specified)

Total cell area:                     3.814128
Total area:                 undefined
1
