****************************************
Report : timing
	-path_type full
	-delay_type max
	-max_paths 1
	-sort_by slack
Design : top
Version: T-2022.03-SP5
Date   : Mon Feb 24 15:24:37 2025
****************************************


  Startpoint: B[7] (input port clocked by clk)
  Endpoint: O[14] (output port clocked by clk)
  Path Group: clk
  Path Type: max

  Point                                    Incr       Path
  ---------------------------------------------------------------
  clock clk (rise edge)                   0.000      0.000
  clock network delay (ideal)             0.000      0.000
  input external delay                    0.000      0.000 f
  B[7] (in)                               0.000      0.000 f
  U129/ZN (INV_X1)                        0.005      0.005 r
  U130/ZN (NOR2_X1)                       0.005      0.010 f
  intadd_1_U6/S (FA_X1)                   0.020      0.030 r
  intadd_2_U5/S (FA_X1)                   0.019      0.049 f
  intadd_3_U4/S (FA_X1)                   0.019      0.068 f
  U151/S (FA_X1)                          0.021      0.088 r
  intadd_0_U6/S (FA_X1)                   0.018      0.106 f
  U108/ZN (AND2_X1)                       0.007      0.114 f
  intadd_0_U5/CO (FA_X1)                  0.014      0.128 f
  intadd_0_U4/CO (FA_X1)                  0.013      0.141 f
  intadd_0_U3/CO (FA_X1)                  0.013      0.153 f
  intadd_0_U2/CO (FA_X1)                  0.013      0.167 f
  U157/Z (XOR2_X1)                        0.010      0.176 f
  O[14] (out)                             0.000      0.176 f
  data arrival time                                  0.176

  clock clk (rise edge)                   1.430      1.430
  clock network delay (ideal)             0.000      1.430
  clock reconvergence pessimism           0.000      1.430
  output external delay                   0.000      1.430
  data required time                                 1.430
  ---------------------------------------------------------------
  data required time                                 1.430
  data arrival time                                 -0.176
  ---------------------------------------------------------------
  slack (MET)                                        1.254


1
