****************************************
Report : timing
	-path_type full
	-delay_type max
	-max_paths 1
	-sort_by slack
Design : top
Version: T-2022.03-SP5
Date   : Mon Feb 24 15:26:57 2025
****************************************


  Startpoint: A[4] (input port clocked by clk)
  Endpoint: O[15] (output port clocked by clk)
  Path Group: clk
  Path Type: max

  Point                                    Incr       Path
  ---------------------------------------------------------------
  clock clk (rise edge)                   0.000      0.000
  clock network delay (ideal)             0.000      0.000
  input external delay                    0.000      0.000 f
  A[4] (in)                               0.000      0.000 f
  U55/ZN (NAND2_X1)                       0.042      0.042 r
  U57/Z (XOR2_X1)                         0.092      0.134 r
  U61/ZN (NAND2_X1)                       0.035      0.170 f
  U62/ZN (OAI21_X1)                       0.042      0.212 r
  U63/ZN (NAND2_X1)                       0.046      0.258 f
  U65/ZN (OAI21_X1)                       0.044      0.303 r
  U66/ZN (OAI21_X1)                       0.042      0.345 f
  U77/CO (FA_X1)                          0.103      0.448 f
  U71/ZN (INV_X1)                         0.035      0.483 r
  U72/ZN (NAND2_X1)                       0.037      0.520 f
  U73/ZN (OAI21_X1)                       0.041      0.561 r
  U74/Z (XOR2_X1)                         0.085      0.646 r
  intadd_0_U2/CO (FA_X1)                  0.095      0.741 r
  U85/ZN (NAND2_X1)                       0.032      0.772 f
  U86/ZN (AOI21_X1)                       0.035      0.808 r
  O[15] (out)                             0.002      0.810 r
  data arrival time                                  0.810

  clock clk (rise edge)                   2.000      2.000
  clock network delay (ideal)             0.000      2.000
  clock reconvergence pessimism           0.000      2.000
  output external delay                   0.000      2.000
  data required time                                 2.000
  ---------------------------------------------------------------
  data required time                                 2.000
  data arrival time                                 -0.810
  ---------------------------------------------------------------
  slack (MET)                                        1.190


1
