 
****************************************
Report : area
Design : top
Version: T-2022.03-SP5
Date   : Mon Feb 24 15:26:52 2025
****************************************

Library(s) Used:

    NangateOpenCellLibrary (File: /home/balaskas/axcarbon/libs/nangate45/db/nangate45.db)

Number of ports:                           32
Number of nets:                            60
Number of cells:                           45
Number of combinational cells:             44
Number of sequential cells:                 0
Number of macros/black boxes:               0
Number of buf/inv:                          7
Number of references:                      10

Combinational area:                 57.722000
Buf/Inv area:                        3.724000
Noncombinational area:               0.000000
Macro/Black Box area:                0.000000
Net Interconnect area:      undefined  (Wire load has zero net area)

Total cell area:                    57.722000
Total area:                 undefined
1
