 
****************************************
Report : area
Design : top
Version: T-2022.03-SP5
Date   : Mon Feb 24 15:19:54 2025
****************************************

Library(s) Used:

    typical (File: /home/balaskas/axcarbon/libs/variability14/db/predicted_0.db)

Number of ports:                           32
Number of nets:                           196
Number of cells:                          140
Number of combinational cells:            139
Number of sequential cells:                 0
Number of macros/black boxes:               0
Number of buf/inv:                         19
Number of references:                      10

Combinational area:                 68.026447
Buf/Inv area:                        2.801664
Noncombinational area:               0.000000
Macro/Black Box area:                0.000000
Net Interconnect area:      undefined  (No wire load specified)

Total cell area:                    68.026447
Total area:                 undefined
1
