****************************************
Report : timing
	-path_type full
	-delay_type max
	-max_paths 1
	-sort_by slack
Design : top
Version: T-2022.03-SP5
Date   : Mon Feb 24 15:19:58 2025
****************************************


  Startpoint: B[6] (input port clocked by clk)
  Endpoint: O[15] (output port clocked by clk)
  Path Group: clk
  Path Type: max

  Point                                    Incr       Path
  ---------------------------------------------------------------
  clock clk (rise edge)                   0.000      0.000
  clock network delay (ideal)             0.000      0.000
  input external delay                    0.000      0.000 r
  B[6] (in)                               0.000      0.000 r
  U207/ZN (INV_X1)                        0.012      0.012 f
  U208/ZN (NOR2_X1)                       0.021      0.034 r
  U209/ZN (INV_X1)                        0.017      0.050 f
  U220/ZN (NOR2_X1)                       0.014      0.064 r
  U222/ZN (NOR2_X1)                       0.011      0.076 f
  intadd_1_U7/S (FA_X1)                   0.053      0.128 r
  intadd_2_U6/CO (FA_X1)                  0.036      0.164 r
  intadd_2_U5/S (FA_X1)                   0.053      0.217 f
  intadd_3_U4/S (FA_X1)                   0.052      0.268 r
  intadd_4_U3/S (FA_X1)                   0.053      0.321 f
  intadd_0_U7/S (FA_X1)                   0.052      0.374 r
  U168/Z (AND2_X1)                        0.026      0.400 r
  intadd_0_U6/CO (FA_X1)                  0.036      0.435 r
  intadd_0_U5/CO (FA_X1)                  0.032      0.467 r
  intadd_0_U4/CO (FA_X1)                  0.032      0.499 r
  intadd_0_U3/CO (FA_X1)                  0.032      0.532 r
  intadd_0_U2/CO (FA_X1)                  0.035      0.567 r
  U166/ZN (NAND2_X1)                      0.015      0.582 f
  U167/ZN (OAI21_X1)                      0.012      0.594 r
  O[15] (out)                             0.000      0.594 r
  data arrival time                                  0.594

  clock clk (rise edge)                   1.065      1.065
  clock network delay (ideal)             0.000      1.065
  clock reconvergence pessimism           0.000      1.065
  output external delay                   0.000      1.065
  data required time                                 1.065
  ---------------------------------------------------------------
  data required time                                 1.065
  data arrival time                                 -0.594
  ---------------------------------------------------------------
  slack (MET)                                        0.471


1
