****************************************
Report : timing
	-path_type full
	-delay_type max
	-max_paths 1
	-sort_by slack
Design : top
Version: T-2022.03-SP5
Date   : Mon Feb 24 16:32:24 2025
****************************************


  Startpoint: A[5] (input port clocked by clk)
  Endpoint: O[7] (output port clocked by clk)
  Path Group: clk
  Path Type: max

  Point                                    Incr       Path
  ---------------------------------------------------------------
  clock clk (rise edge)                   0.000      0.000
  clock network delay (ideal)             0.000      0.000
  input external delay                    0.000      0.000 f
  A[5] (in)                               0.000      0.000 f
  U26/Y (MAJIxp5_ASAP7_6t_R)             20.899     20.899 r
  U27/Y (INVxp5_ASAP7_6t_R)              22.192     43.092 f
  U28/Y (MAJIxp5_ASAP7_6t_R)             34.836     77.928 r
  U22/Y (XNOR2xp5_ASAP7_6t_R)            24.234    102.162 r
  O[7] (out)                              0.000    102.162 r
  data arrival time                                102.162

  clock clk (rise edge)                 955.000    955.000
  clock network delay (ideal)             0.000    955.000
  clock reconvergence pessimism           0.000    955.000
  output external delay                   0.000    955.000
  data required time                               955.000
  ---------------------------------------------------------------
  data required time                               955.000
  data arrival time                               -102.162
  ---------------------------------------------------------------
  slack (MET)                                      852.838


1
