****************************************
Report : timing
	-path_type full
	-delay_type max
	-max_paths 1
	-sort_by slack
Design : top
Version: T-2022.03-SP5
Date   : Sun Feb 23 21:17:05 2025
****************************************


  Startpoint: B[4] (input port clocked by clk)
  Endpoint: O[7] (output port clocked by clk)
  Path Group: clk
  Path Type: max

  Point                                    Incr       Path
  ---------------------------------------------------------------
  clock clk (rise edge)                   0.000      0.000
  clock network delay (ideal)             0.000      0.000
  input external delay                    0.000      0.000 r
  B[4] (in)                               0.000      0.000 r
  U28/ZN (NAND2_X4)                       0.002      0.002 f
  U27/ZN (NAND2_X4)                       0.002      0.005 r
  U26/ZN (INV_X4)                         0.001      0.006 f
  U32/ZN (AOI21_X4)                       0.002      0.008 r
  U33/ZN (XNOR2_X1)                       0.007      0.015 r
  O[7] (out)                              0.000      0.015 r
  data arrival time                                  0.015

  clock clk (rise edge)                   0.000      0.000
  clock network delay (ideal)             0.000      0.000
  clock reconvergence pessimism           0.000      0.000
  output external delay                   0.000      0.000
  data required time                                 0.000
  ---------------------------------------------------------------
  data required time                                 0.000
  data arrival time                                 -0.015
  ---------------------------------------------------------------
  slack (VIOLATED)                                  -0.015


1
