 
****************************************
Report : area
Design : top
Version: T-2022.03-SP5
Date   : Sun Feb 23 20:58:04 2025
****************************************

Library(s) Used:

    typical (File: /home/balaskas/axcarbon/libs/variability14/db/predicted_0.db)

Number of ports:                           32
Number of nets:                           575
Number of cells:                          559
Number of combinational cells:            559
Number of sequential cells:                 0
Number of macros/black boxes:               0
Number of buf/inv:                        118
Number of references:                      25

Combinational area:                147.554307
Buf/Inv area:                       20.299777
Noncombinational area:               0.000000
Macro/Black Box area:                0.000000
Net Interconnect area:      undefined  (No wire load specified)

Total cell area:                   147.554307
Total area:                 undefined
1
