 
****************************************
Report : area
Design : top
Version: T-2022.03-SP5
Date   : Sun Feb 23 21:13:29 2025
****************************************

Library(s) Used:

    typical (File: /home/balaskas/axcarbon/libs/fdsoi28/db/28nm_FDSOI_0.9V_300K.db)

Number of ports:                           49
Number of nets:                            99
Number of cells:                           80
Number of combinational cells:             79
Number of sequential cells:                 0
Number of macros/black boxes:               0
Number of buf/inv:                         20
Number of references:                      28

Combinational area:                118.902000
Buf/Inv area:                       31.387999
Noncombinational area:               0.000000
Macro/Black Box area:                0.000000
Net Interconnect area:      undefined  (No wire load specified)

Total cell area:                   118.902000
Total area:                 undefined
1
