****************************************
Report : timing
	-path_type full
	-delay_type max
	-max_paths 1
	-sort_by slack
Design : top
Version: T-2022.03-SP5
Date   : Mon Feb 24 15:28:19 2025
****************************************


  Startpoint: A[7] (input port clocked by clk)
  Endpoint: O[14] (output port clocked by clk)
  Path Group: clk
  Path Type: max

  Point                                    Incr       Path
  ---------------------------------------------------------------
  clock clk (rise edge)                   0.000      0.000
  clock network delay (ideal)             0.000      0.000
  input external delay                    0.000      0.000 r
  A[7] (in)                               0.000      0.000 r
  U10/ZN (NAND2_X1)                       0.003      0.003 f
  U11/ZN (INV_X1)                         0.003      0.006 r
  U12/ZN (OAI21_X1)                       0.004      0.009 f
  U13/ZN (INV_X1)                         0.003      0.012 r
  U16/ZN (AOI21_X1)                       0.002      0.014 f
  O[14] (out)                             0.000      0.014 f
  data arrival time                                  0.014

  clock clk (rise edge)                   1.430      1.430
  clock network delay (ideal)             0.000      1.430
  clock reconvergence pessimism           0.000      1.430
  output external delay                   0.000      1.430
  data required time                                 1.430
  ---------------------------------------------------------------
  data required time                                 1.430
  data arrival time                                 -0.014
  ---------------------------------------------------------------
  slack (MET)                                        1.416


1
