 
****************************************
Report : area
Design : top
Version: T-2022.03-SP5
Date   : Mon Feb 24 15:16:54 2025
****************************************

Library(s) Used:

    asap7 (File: /home/balaskas/axcarbon/libs/asap7/db/asap7.db)

Number of ports:                           49
Number of nets:                           154
Number of cells:                          128
Number of combinational cells:            128
Number of sequential cells:                 0
Number of macros/black boxes:               0
Number of buf/inv:                         25
Number of references:                      36

Combinational area:                  8.946288
Buf/Inv area:                        1.096416
Noncombinational area:               0.000000
Macro/Black Box area:                0.000000
Net Interconnect area:      undefined  (No wire load specified)

Total cell area:                     8.946288
Total area:                 undefined
1
