 
****************************************
Report : area
Design : top
Version: T-2022.03-SP5
Date   : Mon Feb 24 21:18:10 2025
****************************************

Library(s) Used:

    saed14rvt_tt0p8v25c (File: /usr/local/eda/synLibs/saed14nm/SAED14nm_EDK_06052019/stdcell_rvt/db_ccs/saed14rvt_tt0p8v25c.db)

Number of ports:                           32
Number of nets:                           179
Number of cells:                          131
Number of combinational cells:            131
Number of sequential cells:                 0
Number of macros/black boxes:               0
Number of buf/inv:                         26
Number of references:                      16

Combinational area:                 56.299198
Buf/Inv area:                        4.617600
Noncombinational area:               0.000000
Macro/Black Box area:                0.000000
Net Interconnect area:              28.371900

Total cell area:                    56.299198
Total area:                         84.671099
1
