 
****************************************
Report : area
Design : top
Version: T-2022.03-SP5
Date   : Sun Feb 23 20:53:35 2025
****************************************

Library(s) Used:

    NangateOpenCellLibrary (File: /home/balaskas/axcarbon/libs/nangate45/db/nangate45.db)

Number of ports:                           32
Number of nets:                           580
Number of cells:                          564
Number of combinational cells:            564
Number of sequential cells:                 0
Number of macros/black boxes:               0
Number of buf/inv:                        114
Number of references:                      27

Combinational area:                567.111997
Buf/Inv area:                       65.170000
Noncombinational area:               0.000000
Macro/Black Box area:                0.000000
Net Interconnect area:      undefined  (Wire load has zero net area)

Total cell area:                   567.111997
Total area:                 undefined
1
