****************************************
Report : timing
	-path_type full
	-delay_type max
	-max_paths 1
	-sort_by slack
Design : top
Version: T-2022.03-SP5
Date   : Sun Feb 23 21:18:46 2025
****************************************


  Startpoint: B[4] (input port clocked by clk)
  Endpoint: O[14] (output port clocked by clk)
  Path Group: clk
  Path Type: max

  Point                                    Incr       Path
  ---------------------------------------------------------------
  clock clk (rise edge)                   0.000      0.000
  clock network delay (ideal)             0.000      0.000
  input external delay                    0.000      0.000 f
  B[4] (in)                               0.000      0.000 f
  U211/ZN (NAND2_X4)                      0.003      0.003 r
  U175/ZN (NAND2_X4)                      0.003      0.006 f
  U190/ZN (OAI211_X4)                     0.003      0.010 r
  U188/ZN (XNOR2_X2)                      0.008      0.018 r
  U174/ZN (XNOR2_X2)                      0.008      0.026 r
  U173/ZN (XNOR2_X2)                      0.008      0.034 r
  U187/ZN (XNOR2_X2)                      0.008      0.042 r
  U184/ZN (XNOR2_X2)                      0.010      0.052 r
  U259/ZN (AOI21_X2)                      0.006      0.058 f
  U258/ZN (AOI21_X4)                      0.005      0.063 r
  U206/ZN (NAND2_X2)                      0.004      0.067 f
  U197/ZN (NAND3_X1)                      0.003      0.070 r
  U208/ZN (OAI211_X1)                     0.004      0.074 f
  O[14] (out)                             0.000      0.074 f
  data arrival time                                  0.074

  clock clk (rise edge)                   0.000      0.000
  clock network delay (ideal)             0.000      0.000
  clock reconvergence pessimism           0.000      0.000
  output external delay                   0.000      0.000
  data required time                                 0.000
  ---------------------------------------------------------------
  data required time                                 0.000
  data arrival time                                 -0.074
  ---------------------------------------------------------------
  slack (VIOLATED)                                  -0.074


1
