 
****************************************
Report : area
Design : top
Version: T-2022.03-SP5
Date   : Sun Feb 23 21:18:42 2025
****************************************

Library(s) Used:

    typical (File: /home/balaskas/axcarbon/libs/fdsoi28/db/28nm_FDSOI_0.9V_300K.db)

Number of ports:                           32
Number of nets:                           287
Number of cells:                          271
Number of combinational cells:            270
Number of sequential cells:                 0
Number of macros/black boxes:               0
Number of buf/inv:                         59
Number of references:                      35

Combinational area:                390.488004
Buf/Inv area:                       39.900000
Noncombinational area:               0.000000
Macro/Black Box area:                0.000000
Net Interconnect area:      undefined  (No wire load specified)

Total cell area:                   390.488004
Total area:                 undefined
1
