****************************************
Report : Averaged Power
Design : top
Version: T-2022.03-SP5
Date   : Mon Feb 24 15:23:03 2025
****************************************



  Attributes
  ----------
      i  -  Including register clock pin internal power
      u  -  User defined power group

                        Internal  Switching  Leakage    Total
Power Group             Power     Power      Power      Power   (     %)  Attrs
--------------------------------------------------------------------------------
clock_network              0.0000    0.0000    0.0000    0.0000 ( 0.00%)  i
register                   0.0000    0.0000    0.0000    0.0000 ( 0.00%)  
combinational           6.610e-06 4.484e-07 3.732e-08 7.096e-06 (100.00%) 
sequential                 0.0000    0.0000    0.0000    0.0000 ( 0.00%)  
memory                     0.0000    0.0000    0.0000    0.0000 ( 0.00%)  
io_pad                     0.0000    0.0000    0.0000    0.0000 ( 0.00%)  
black_box                  0.0000    0.0000    0.0000    0.0000 ( 0.00%)  

  Net Switching Power  = 4.484e-07   ( 6.32%)
  Cell Internal Power  = 6.610e-06   (93.15%)
  Cell Leakage Power   = 3.732e-08   ( 0.53%)
                         ---------
Total Power            = 7.096e-06  (100.00%)

1
