 
****************************************
Report : area
Design : top
Version: T-2022.03-SP5
Date   : Sun Feb 23 21:03:17 2025
****************************************

Library(s) Used:

    asap7 (File: /home/balaskas/axcarbon/libs/asap7/db/asap7.db)

Number of ports:                           32
Number of nets:                           459
Number of cells:                          443
Number of combinational cells:            443
Number of sequential cells:                 0
Number of macros/black boxes:               0
Number of buf/inv:                        100
Number of references:                      49

Combinational area:                 28.903392
Buf/Inv area:                        3.802464
Noncombinational area:               0.000000
Macro/Black Box area:                0.000000
Net Interconnect area:      undefined  (No wire load specified)

Total cell area:                    28.903392
Total area:                 undefined
1
