****************************************
Report : timing
	-path_type full
	-delay_type max
	-max_paths 1
	-sort_by slack
Design : top
Version: T-2022.03-SP5
Date   : Mon Feb 24 21:29:20 2025
****************************************


  Startpoint: B[7] (input port clocked by clk)
  Endpoint: O[14] (output port clocked by clk)
  Path Group: clk
  Path Type: max

  Point                                    Incr       Path
  ---------------------------------------------------------------
  clock clk (rise edge)                   0.000      0.000
  clock network delay (ideal)             0.000      0.000
  input external delay                    0.000      0.000 r
  B[7] (in)                               0.000      0.000 r
  U10/X (SAEDRVT14_AN2_MM_0P5)            0.021      0.021 r
  U11/X (SAEDRVT14_OA21_1)                0.024      0.045 r
  U14/X (SAEDRVT14_AOI21_0P75)            0.013      0.059 f
  O[14] (out)                             0.004      0.062 f
  data arrival time                                  0.062

  clock clk (rise edge)                   1.065      1.065
  clock network delay (ideal)             0.000      1.065
  clock reconvergence pessimism           0.000      1.065
  output external delay                   0.000      1.065
  data required time                                 1.065
  ---------------------------------------------------------------
  data required time                                 1.065
  data arrival time                                 -0.062
  ---------------------------------------------------------------
  slack (MET)                                        1.003


1
