 
****************************************
Report : area
Design : top
Version: T-2022.03-SP5
Date   : Mon Feb 24 15:25:36 2025
****************************************

Library(s) Used:

    typical (File: /home/balaskas/axcarbon/libs/variability14/db/predicted_0.db)

Number of ports:                           25
Number of nets:                            11
Number of cells:                            5
Number of combinational cells:              4
Number of sequential cells:                 0
Number of macros/black boxes:               0
Number of buf/inv:                          1
Number of references:                       4

Combinational area:                  1.818626
Buf/Inv area:                        0.147456
Noncombinational area:               0.000000
Macro/Black Box area:                0.000000
Net Interconnect area:      undefined  (No wire load specified)

Total cell area:                     1.818626
Total area:                 undefined
1
