 
****************************************
Report : area
Design : top
Version: T-2022.03-SP5
Date   : Tue Feb 25 06:49:43 2025
****************************************

Library(s) Used:

    saed32rvt_tt0p85v25c (File: /usr/local/eda/synLibs/SAED32_EDK/lib/stdcell_rvt/db_ccs/saed32rvt_tt0p85v25c.db)

Number of ports:                           49
Number of nets:                           102
Number of cells:                           60
Number of combinational cells:             60
Number of sequential cells:                 0
Number of macros/black boxes:               0
Number of buf/inv:                         15
Number of references:                      18

Combinational area:                176.121792
Buf/Inv area:                       27.447552
Noncombinational area:               0.000000
Macro/Black Box area:                0.000000
Net Interconnect area:              13.331628

Total cell area:                   176.121792
Total area:                        189.453420
1
