****************************************
Report : timing
	-path_type full
	-delay_type max
	-max_paths 1
	-sort_by slack
Design : top
Version: T-2022.03-SP5
Date   : Sun Feb 23 20:56:29 2025
****************************************


  Startpoint: A[0] (input port clocked by clk)
  Endpoint: O[13] (output port clocked by clk)
  Path Group: clk
  Path Type: max

  Point                                    Incr       Path
  ---------------------------------------------------------------
  clock clk (rise edge)                   0.000      0.000
  clock network delay (ideal)             0.000      0.000
  input external delay                    0.000      0.000 r
  A[0] (in)                               0.000      0.000 r
  U351/ZN (INV_X1)                        0.033      0.033 f
  U169/ZN (OR2_X2)                        0.050      0.083 f
  U353/ZN (NAND4_X1)                      0.034      0.117 r
  U321/ZN (AND3_X2)                       0.074      0.191 r
  U440/ZN (XNOR2_X1)                      0.074      0.265 r
  U441/ZN (XNOR2_X1)                      0.065      0.330 r
  U442/ZN (XNOR2_X1)                      0.069      0.400 r
  U445/ZN (NAND2_X1)                      0.045      0.444 f
  U460/ZN (AND2_X1)                       0.047      0.492 f
  U461/ZN (NOR3_X1)                       0.062      0.554 r
  U465/ZN (OR2_X1)                        0.044      0.597 r
  U657/ZN (NAND2_X1)                      0.032      0.629 f
  U659/ZN (XNOR2_X1)                      0.057      0.687 f
  U667/ZN (AND2_X1)                       0.045      0.732 f
  U273/ZN (OR2_X1)                        0.061      0.793 f
  U290/ZN (OAI21_X1)                      0.049      0.842 r
  U328/ZN (NAND3_X1)                      0.039      0.882 f
  U244/ZN (NAND2_X1)                      0.034      0.916 r
  U243/ZN (XNOR2_X1)                      0.054      0.970 r
  O[13] (out)                             0.002      0.972 r
  data arrival time                                  0.972

  clock clk (rise edge)                   0.000      0.000
  clock network delay (ideal)             0.000      0.000
  clock reconvergence pessimism           0.000      0.000
  output external delay                   0.000      0.000
  data required time                                 0.000
  ---------------------------------------------------------------
  data required time                                 0.000
  data arrival time                                 -0.972
  ---------------------------------------------------------------
  slack (VIOLATED)                                  -0.972


1
