 
****************************************
Report : area
Design : top
Version: T-2022.03-SP5
Date   : Tue Feb 25 06:59:29 2025
****************************************

Library(s) Used:

    saed32rvt_tt0p85v25c (File: /usr/local/eda/synLibs/SAED32_EDK/lib/stdcell_rvt/db_ccs/saed32rvt_tt0p85v25c.db)

Number of ports:                           25
Number of nets:                            10
Number of cells:                            5
Number of combinational cells:              3
Number of sequential cells:                 0
Number of macros/black boxes:               0
Number of buf/inv:                          1
Number of references:                       3

Combinational area:                  5.337024
Buf/Inv area:                        1.270720
Noncombinational area:               0.000000
Macro/Black Box area:                0.000000
Net Interconnect area:               1.179277

Total cell area:                     5.337024
Total area:                          6.516301
1
