****************************************
Report : timing
	-path_type full
	-delay_type max
	-max_paths 1
	-sort_by slack
Design : top
Version: T-2022.03-SP5
Date   : Tue Feb 25 06:59:34 2025
****************************************


  Startpoint: A[7] (input port clocked by clk)
  Endpoint: O[8] (output port clocked by clk)
  Path Group: clk
  Path Type: max

  Point                                    Incr       Path
  ---------------------------------------------------------------
  clock clk (rise edge)                   0.000      0.000
  clock network delay (ideal)             0.000      0.000
  input external delay                    0.000      0.000 r
  A[7] (in)                               0.000      0.000 r
  U8/Y (NAND2X0_RVT)                      0.014      0.014 f
  U9/Y (INVX1_RVT)                        0.018      0.032 r
  O[8] (out)                              0.004      0.036 r
  data arrival time                                  0.036

  clock clk (rise edge)                   1.430      1.430
  clock network delay (ideal)             0.000      1.430
  clock reconvergence pessimism           0.000      1.430
  output external delay                   0.000      1.430
  data required time                                 1.430
  ---------------------------------------------------------------
  data required time                                 1.430
  data arrival time                                 -0.036
  ---------------------------------------------------------------
  slack (MET)                                        1.394


1
