****************************************
Report : timing
	-path_type full
	-delay_type max
	-max_paths 1
	-sort_by slack
Design : top
Version: T-2022.03-SP5
Date   : Mon Feb 24 21:32:07 2025
****************************************


  Startpoint: A[7] (input port clocked by clk)
  Endpoint: O[7] (output port clocked by clk)
  Path Group: clk
  Path Type: max

  Point                                    Incr       Path
  ---------------------------------------------------------------
  clock clk (rise edge)                   0.000      0.000
  clock network delay (ideal)             0.000      0.000
  input external delay                    0.000      0.000 r
  A[7] (in)                               0.000      0.000 r
  U7/X (SAEDRVT14_AN2_MM_1)               0.021      0.021 r
  U10/X (SAEDRVT14_OA21B_1)               0.014      0.034 f
  O[7] (out)                              0.004      0.038 f
  data arrival time                                  0.038

  clock clk (rise edge)                   1.065      1.065
  clock network delay (ideal)             0.000      1.065
  clock reconvergence pessimism           0.000      1.065
  output external delay                   0.000      1.065
  data required time                                 1.065
  ---------------------------------------------------------------
  data required time                                 1.065
  data arrival time                                 -0.038
  ---------------------------------------------------------------
  slack (MET)                                        1.027


1
