 
****************************************
Report : area
Design : top
Version: T-2022.03-SP5
Date   : Mon Feb 24 15:26:05 2025
****************************************

Library(s) Used:

    typical (File: /home/balaskas/axcarbon/libs/variability14/db/predicted_0.db)

Number of ports:                           32
Number of nets:                            63
Number of cells:                           48
Number of combinational cells:             47
Number of sequential cells:                 0
Number of macros/black boxes:               0
Number of buf/inv:                         10
Number of references:                      11

Combinational area:                 15.925258
Buf/Inv area:                        1.474560
Noncombinational area:               0.000000
Macro/Black Box area:                0.000000
Net Interconnect area:      undefined  (No wire load specified)

Total cell area:                    15.925258
Total area:                 undefined
1
