 
****************************************
Report : area
Design : top
Version: T-2022.03-SP5
Date   : Sun Feb 23 21:04:43 2025
****************************************

Library(s) Used:

    typical (File: /home/balaskas/axcarbon/libs/variability14/db/predicted_0.db)

Number of ports:                           32
Number of nets:                           536
Number of cells:                          519
Number of combinational cells:            518
Number of sequential cells:                 0
Number of macros/black boxes:               0
Number of buf/inv:                        116
Number of references:                      30

Combinational area:                140.967941
Buf/Inv area:                       19.955713
Noncombinational area:               0.000000
Macro/Black Box area:                0.000000
Net Interconnect area:      undefined  (No wire load specified)

Total cell area:                   140.967941
Total area:                 undefined
1
