 
****************************************
Report : area
Design : top
Version: T-2022.03-SP5
Date   : Sun Feb 23 21:16:02 2025
****************************************

Library(s) Used:

    asap7 (File: /home/balaskas/axcarbon/libs/asap7/db/asap7.db)

Number of ports:                           32
Number of nets:                           287
Number of cells:                          271
Number of combinational cells:            271
Number of sequential cells:                 0
Number of macros/black boxes:               0
Number of buf/inv:                         66
Number of references:                      51

Combinational area:                 19.152288
Buf/Inv area:                        2.659392
Noncombinational area:               0.000000
Macro/Black Box area:                0.000000
Net Interconnect area:      undefined  (No wire load specified)

Total cell area:                    19.152288
Total area:                 undefined
1
