 
****************************************
Report : area
Design : top
Version: T-2022.03-SP5
Date   : Mon Feb 24 15:33:23 2025
****************************************

Library(s) Used:

    NangateOpenCellLibrary (File: /home/balaskas/axcarbon/libs/nangate45/db/nangate45.db)

Number of ports:                           49
Number of nets:                            18
Number of cells:                            8
Number of combinational cells:              6
Number of sequential cells:                 0
Number of macros/black boxes:               0
Number of buf/inv:                          2
Number of references:                       3

Combinational area:                  4.788000
Buf/Inv area:                        1.064000
Noncombinational area:               0.000000
Macro/Black Box area:                0.000000
Net Interconnect area:      undefined  (Wire load has zero net area)

Total cell area:                     4.788000
Total area:                 undefined
1
