****************************************
Report : timing
	-path_type full
	-delay_type max
	-max_paths 1
	-sort_by slack
Design : top
Version: T-2022.03-SP5
Date   : Mon Feb 24 15:33:28 2025
****************************************


  Startpoint: B[15] (input port clocked by clk)
  Endpoint: O[16] (output port clocked by clk)
  Path Group: clk
  Path Type: max

  Point                                    Incr       Path
  ---------------------------------------------------------------
  clock clk (rise edge)                   0.000      0.000
  clock network delay (ideal)             0.000      0.000
  input external delay                    0.000      0.000 f
  B[15] (in)                              0.000      0.000 f
  U11/ZN (NOR2_X1)                        0.056      0.056 r
  U13/ZN (NOR2_X1)                        0.035      0.091 f
  U14/ZN (AOI21_X1)                       0.061      0.151 r
  U15/ZN (INV_X1)                         0.020      0.171 f
  O[16] (out)                             0.002      0.173 f
  data arrival time                                  0.173

  clock clk (rise edge)                   2.000      2.000
  clock network delay (ideal)             0.000      2.000
  clock reconvergence pessimism           0.000      2.000
  output external delay                   0.000      2.000
  data required time                                 2.000
  ---------------------------------------------------------------
  data required time                                 2.000
  data arrival time                                 -0.173
  ---------------------------------------------------------------
  slack (MET)                                        1.827


1
