 
****************************************
Report : area
Design : top
Version: T-2022.03-SP5
Date   : Mon Feb 24 16:31:40 2025
****************************************

Library(s) Used:

    asap7 (File: /home/balaskas/axcarbon/libs/asap7/db/asap7.db)

Number of ports:                           49
Number of nets:                            60
Number of cells:                           41
Number of combinational cells:             41
Number of sequential cells:                 0
Number of macros/black boxes:               0
Number of buf/inv:                         16
Number of references:                       5

Combinational area:                  2.647728
Buf/Inv area:                        0.559872
Noncombinational area:               0.000000
Macro/Black Box area:                0.000000
Net Interconnect area:      undefined  (No wire load specified)

Total cell area:                     2.647728
Total area:                 undefined
1
