 
****************************************
Report : area
Design : top
Version: T-2022.03-SP5
Date   : Sun Feb 23 20:52:54 2025
****************************************

Library(s) Used:

    typical (File: /home/balaskas/axcarbon/libs/fdsoi28/db/28nm_FDSOI_0.9V_300K.db)

Number of ports:                           32
Number of nets:                           609
Number of cells:                          593
Number of combinational cells:            593
Number of sequential cells:                 0
Number of macros/black boxes:               0
Number of buf/inv:                        135
Number of references:                      45

Combinational area:                921.158010
Buf/Inv area:                      100.548000
Noncombinational area:               0.000000
Macro/Black Box area:                0.000000
Net Interconnect area:      undefined  (No wire load specified)

Total cell area:                   921.158010
Total area:                 undefined
1
