****************************************
Report : timing
	-path_type full
	-delay_type max
	-max_paths 1
	-sort_by slack
Design : top
Version: T-2022.03-SP5
Date   : Sun Feb 23 20:52:59 2025
****************************************


  Startpoint: B[0] (input port clocked by clk)
  Endpoint: O[11] (output port clocked by clk)
  Path Group: clk
  Path Type: max

  Point                                    Incr       Path
  ---------------------------------------------------------------
  clock clk (rise edge)                   0.000      0.000
  clock network delay (ideal)             0.000      0.000
  input external delay                    0.000      0.000 r
  B[0] (in)                               0.000      0.000 r
  U316/ZN (NAND2_X4)                      0.003      0.003 f
  U543/ZN (NOR2_X4)                       0.004      0.007 r
  U442/ZN (INV_X4)                        0.003      0.010 f
  U343/ZN (NAND2_X4)                      0.002      0.013 r
  U293/ZN (NAND2_X4)                      0.003      0.016 f
  U291/ZN (NAND2_X4)                      0.003      0.019 r
  U353/ZN (NAND2_X4)                      0.003      0.022 f
  U453/ZN (NAND2_X2)                      0.003      0.025 r
  U452/ZN (INV_X1)                        0.002      0.026 f
  U500/ZN (OAI21_X1)                      0.005      0.032 r
  U243/ZN (NAND2_X2)                      0.005      0.037 f
  U242/ZN (XNOR2_X2)                      0.008      0.045 f
  U411/ZN (XNOR2_X2)                      0.009      0.054 f
  U410/ZN (XNOR2_X2)                      0.008      0.062 f
  U516/ZN (XNOR2_X2)                      0.008      0.070 f
  U391/ZN (INV_X2)                        0.004      0.074 r
  U389/ZN (NAND2_X4)                      0.002      0.076 f
  U390/ZN (NAND2_X4)                      0.003      0.079 r
  U499/ZN (NAND2_X4)                      0.003      0.082 f
  U497/ZN (OAI21_X4)                      0.004      0.086 r
  U673/ZN (AOI21_X1)                      0.004      0.090 f
  U689/Z (XOR2_X1)                        0.009      0.099 f
  O[11] (out)                             0.000      0.099 f
  data arrival time                                  0.099

  clock clk (rise edge)                   0.000      0.000
  clock network delay (ideal)             0.000      0.000
  clock reconvergence pessimism           0.000      0.000
  output external delay                   0.000      0.000
  data required time                                 0.000
  ---------------------------------------------------------------
  data required time                                 0.000
  data arrival time                                 -0.099
  ---------------------------------------------------------------
  slack (VIOLATED)                                  -0.099


1
