****************************************
Report : timing
	-path_type full
	-delay_type max
	-max_paths 1
	-sort_by slack
Design : top
Version: T-2022.03-SP5
Date   : Sun Feb 23 21:07:41 2025
****************************************


  Startpoint: B[7] (input port clocked by clk)
  Endpoint: O[13] (output port clocked by clk)
  Path Group: clk
  Path Type: max

  Point                                    Incr       Path
  ---------------------------------------------------------------
  clock clk (rise edge)                   0.000      0.000
  clock network delay (ideal)             0.000      0.000
  input external delay                    0.000      0.000 r
  B[7] (in)                               0.000      0.000 r
  U303/ZN (AND2_X1)                       0.044      0.044 r
  U304/ZN (NAND2_X1)                      0.030      0.074 f
  U305/ZN (AND2_X1)                       0.046      0.120 f
  U182/ZN (OR2_X1)                        0.057      0.177 f
  U250/ZN (AOI21_X1)                      0.058      0.235 r
  U322/ZN (XNOR2_X1)                      0.078      0.313 r
  U325/ZN (NOR2_X1)                       0.031      0.344 f
  U341/ZN (NOR2_X1)                       0.059      0.403 r
  U342/ZN (XNOR2_X1)                      0.073      0.476 r
  U373/ZN (OR2_X1)                        0.044      0.520 r
  U374/ZN (NAND2_X1)                      0.031      0.552 f
  U375/ZN (XNOR2_X1)                      0.060      0.611 f
  U408/ZN (OAI21_X1)                      0.054      0.665 r
  U409/ZN (AND2_X1)                       0.060      0.725 r
  U220/ZN (XNOR2_X1)                      0.068      0.793 r
  U494/ZN (INV_X1)                        0.029      0.822 f
  U495/ZN (AND2_X1)                       0.048      0.869 f
  U258/ZN (OR2_X1)                        0.068      0.937 f
  U271/ZN (AOI22_X1)                      0.054      0.992 r
  U625/ZN (XNOR2_X1)                      0.060      1.052 r
  O[13] (out)                             0.002      1.054 r
  data arrival time                                  1.054

  clock clk (rise edge)                   0.000      0.000
  clock network delay (ideal)             0.000      0.000
  clock reconvergence pessimism           0.000      0.000
  output external delay                   0.000      0.000
  data required time                                 0.000
  ---------------------------------------------------------------
  data required time                                 0.000
  data arrival time                                 -1.054
  ---------------------------------------------------------------
  slack (VIOLATED)                                  -1.054


1
