 
****************************************
Report : area
Design : top
Version: T-2022.03-SP5
Date   : Sun Feb 23 21:07:37 2025
****************************************

Library(s) Used:

    NangateOpenCellLibrary (File: /home/balaskas/axcarbon/libs/nangate45/db/nangate45.db)

Number of ports:                           32
Number of nets:                           517
Number of cells:                          501
Number of combinational cells:            500
Number of sequential cells:                 0
Number of macros/black boxes:               0
Number of buf/inv:                         90
Number of references:                      24

Combinational area:                507.261997
Buf/Inv area:                       50.540000
Noncombinational area:               0.000000
Macro/Black Box area:                0.000000
Net Interconnect area:      undefined  (Wire load has zero net area)

Total cell area:                   507.261997
Total area:                 undefined
1
