 
****************************************
Report : area
Design : top
Version: T-2022.03-SP5
Date   : Mon Feb 24 16:29:00 2025
****************************************

Library(s) Used:

    asap7 (File: /home/balaskas/axcarbon/libs/asap7/db/asap7.db)

Number of ports:                           32
Number of nets:                           307
Number of cells:                          291
Number of combinational cells:            291
Number of sequential cells:                 0
Number of macros/black boxes:               0
Number of buf/inv:                         62
Number of references:                      21

Combinational area:                 19.408896
Buf/Inv area:                        2.169504
Noncombinational area:               0.000000
Macro/Black Box area:                0.000000
Net Interconnect area:      undefined  (No wire load specified)

Total cell area:                    19.408896
Total area:                 undefined
1
