****************************************
Report : Averaged Power
Design : top
Version: T-2022.03-SP5
Date   : Tue Feb 25 07:00:34 2025
****************************************



  Attributes
  ----------
      i  -  Including register clock pin internal power
      u  -  User defined power group

                        Internal  Switching  Leakage    Total
Power Group             Power     Power      Power      Power   (     %)  Attrs
--------------------------------------------------------------------------------
clock_network              0.0000    0.0000    0.0000    0.0000 ( 0.00%)  i
register                   0.0000    0.0000    0.0000    0.0000 ( 0.00%)  
combinational              0.0000    0.0000 3.457e-07 3.457e-07 (100.00%) 
sequential                 0.0000    0.0000    0.0000    0.0000 ( 0.00%)  
memory                     0.0000    0.0000    0.0000    0.0000 ( 0.00%)  
io_pad                     0.0000    0.0000    0.0000    0.0000 ( 0.00%)  
black_box                  0.0000    0.0000    0.0000    0.0000 ( 0.00%)  

  Net Switching Power  =    0.0000   ( 0.00%)
  Cell Internal Power  =    0.0000   ( 0.00%)
  Cell Leakage Power   = 3.457e-07  (100.00%)
                         ---------
Total Power            = 3.457e-07  (100.00%)

1
