 
****************************************
Report : area
Design : top
Version: T-2022.03-SP5
Date   : Mon Feb 24 16:32:57 2025
****************************************

Library(s) Used:

    asap7 (File: /home/balaskas/axcarbon/libs/asap7/db/asap7.db)

Number of ports:                           25
Number of nets:                            21
Number of cells:                           13
Number of combinational cells:             13
Number of sequential cells:                 0
Number of macros/black boxes:               0
Number of buf/inv:                          4
Number of references:                       7

Combinational area:                  0.804816
Buf/Inv area:                        0.139968
Noncombinational area:               0.000000
Macro/Black Box area:                0.000000
Net Interconnect area:      undefined  (No wire load specified)

Total cell area:                     0.804816
Total area:                 undefined
1
