****************************************
Report : timing
	-path_type full
	-delay_type max
	-max_paths 1
	-sort_by slack
Design : top
Version: T-2022.03-SP5
Date   : Mon Feb 24 16:33:02 2025
****************************************


  Startpoint: A[5] (input port clocked by clk)
  Endpoint: O[7] (output port clocked by clk)
  Path Group: clk
  Path Type: max

  Point                                    Incr       Path
  ---------------------------------------------------------------
  clock clk (rise edge)                   0.000      0.000
  clock network delay (ideal)             0.000      0.000
  input external delay                    0.000      0.000 f
  A[5] (in)                               0.000      0.000 f
  U19/Y (NOR2xp5_ASAP7_6t_R)             15.270     15.270 r
  U20/Y (INVxp5_ASAP7_6t_R)              21.328     36.598 f
  U21/Y (MAJIxp5_ASAP7_6t_R)             34.660     71.257 r
  U16/Y (XNOR2xp5_ASAP7_6t_R)            24.224     95.481 r
  O[7] (out)                              0.000     95.481 r
  data arrival time                                 95.481

  clock clk (rise edge)                 955.000    955.000
  clock network delay (ideal)             0.000    955.000
  clock reconvergence pessimism           0.000    955.000
  output external delay                   0.000    955.000
  data required time                               955.000
  ---------------------------------------------------------------
  data required time                               955.000
  data arrival time                                -95.481
  ---------------------------------------------------------------
  slack (MET)                                      859.519


1
