 
****************************************
Report : area
Design : top
Version: T-2022.03-SP5
Date   : Mon Feb 24 21:25:34 2025
****************************************

Library(s) Used:

    saed14rvt_tt0p8v25c (File: /usr/local/eda/synLibs/saed14nm/SAED14nm_EDK_06052019/stdcell_rvt/db_ccs/saed14rvt_tt0p8v25c.db)

Number of ports:                           32
Number of nets:                            56
Number of cells:                           41
Number of combinational cells:             41
Number of sequential cells:                 0
Number of macros/black boxes:               0
Number of buf/inv:                          6
Number of references:                      13

Combinational area:                 15.406800
Buf/Inv area:                        1.065600
Noncombinational area:               0.000000
Macro/Black Box area:                0.000000
Net Interconnect area:              10.198003

Total cell area:                    15.406800
Total area:                         25.604803
1
