****************************************
Report : timing
	-path_type full
	-delay_type max
	-max_paths 1
	-sort_by slack
Design : top
Version: T-2022.03-SP5
Date   : Mon Feb 24 15:22:12 2025
****************************************


  Startpoint: A[1] (input port clocked by clk)
  Endpoint: O[15] (output port clocked by clk)
  Path Group: clk
  Path Type: max

  Point                                    Incr       Path
  ---------------------------------------------------------------
  clock clk (rise edge)                   0.000      0.000
  clock network delay (ideal)             0.000      0.000
  input external delay                    0.000      0.000 r
  A[1] (in)                               0.000      0.000 r
  U185/Z (AND2_X1)                        0.020      0.020 r
  U186/ZN (NAND2_X1)                      0.015      0.034 f
  U188/ZN (NOR2_X1)                       0.018      0.053 r
  U190/ZN (NOR2_X1)                       0.015      0.067 f
  U192/ZN (XNOR2_X1)                      0.027      0.095 f
  U194/ZN (NOR2_X1)                       0.020      0.115 r
  U209/ZN (AOI21_X1)                      0.017      0.132 f
  intadd_2_U6/S (FA_X1)                   0.044      0.176 f
  U200/ZN (INV_X1)                        0.011      0.187 r
  intadd_1_U5/S (FA_X1)                   0.053      0.240 f
  intadd_4_U4/S (FA_X1)                   0.050      0.289 r
  U176/ZN (INV_X1)                        0.010      0.299 f
  intadd_5_U3/S (FA_X1)                   0.048      0.347 r
  U154/ZN (INV_X1)                        0.010      0.356 f
  intadd_0_U7/S (FA_X1)                   0.050      0.407 r
  U153/Z (AND2_X1)                        0.026      0.433 r
  intadd_0_U6/CO (FA_X1)                  0.036      0.468 r
  intadd_0_U5/CO (FA_X1)                  0.032      0.500 r
  intadd_0_U4/CO (FA_X1)                  0.032      0.532 r
  intadd_0_U3/CO (FA_X1)                  0.032      0.565 r
  intadd_0_U2/CO (FA_X1)                  0.035      0.600 r
  U146/ZN (NAND2_X1)                      0.015      0.615 f
  U147/ZN (OAI21_X1)                      0.012      0.627 r
  O[15] (out)                             0.000      0.627 r
  data arrival time                                  0.627

  clock clk (rise edge)                   1.065      1.065
  clock network delay (ideal)             0.000      1.065
  clock reconvergence pessimism           0.000      1.065
  output external delay                   0.000      1.065
  data required time                                 1.065
  ---------------------------------------------------------------
  data required time                                 1.065
  data arrival time                                 -0.627
  ---------------------------------------------------------------
  slack (MET)                                        0.438


1
