****************************************
Report : timing
	-path_type full
	-delay_type max
	-max_paths 1
	-sort_by slack
Design : top
Version: T-2022.03-SP5
Date   : Sun Feb 23 20:53:41 2025
****************************************


  Startpoint: B[4] (input port clocked by clk)
  Endpoint: O[7] (output port clocked by clk)
  Path Group: clk
  Path Type: max

  Point                                    Incr       Path
  ---------------------------------------------------------------
  clock clk (rise edge)                   0.000      0.000
  clock network delay (ideal)             0.000      0.000
  input external delay                    0.000      0.000 f
  B[4] (in)                               0.000      0.000 f
  U25/ZN (INV_X12)                        0.003      0.003 r
  U30/ZN (NAND2_X2)                       0.011      0.014 f
  U56/ZN (AOI21_X2)                       0.014      0.029 r
  U42/ZN (OAI21_X2)                       0.022      0.051 f
  U45/ZN (AOI21_X2)                       0.016      0.067 r
  U81/ZN (XNOR2_X1)                       0.023      0.090 r
  O[7] (out)                              0.000      0.090 r
  data arrival time                                  0.090

  clock clk (rise edge)                   0.000      0.000
  clock network delay (ideal)             0.000      0.000
  clock reconvergence pessimism           0.000      0.000
  output external delay                   0.000      0.000
  data required time                                 0.000
  ---------------------------------------------------------------
  data required time                                 0.000
  data arrival time                                 -0.090
  ---------------------------------------------------------------
  slack (VIOLATED)                                  -0.090


1
