 
****************************************
Report : area
Design : top
Version: T-2022.03-SP5
Date   : Sun Feb 23 21:12:47 2025
****************************************

Library(s) Used:

    NangateOpenCellLibrary (File: /home/balaskas/axcarbon/libs/nangate45/db/nangate45.db)

Number of ports:                           25
Number of nets:                            64
Number of cells:                           52
Number of combinational cells:             51
Number of sequential cells:                 0
Number of macros/black boxes:               0
Number of buf/inv:                         11
Number of references:                      20

Combinational area:                 53.732000
Buf/Inv area:                        6.384000
Noncombinational area:               0.000000
Macro/Black Box area:                0.000000
Net Interconnect area:      undefined  (Wire load has zero net area)

Total cell area:                    53.732000
Total area:                 undefined
1
