 
****************************************
Report : area
Design : top
Version: T-2022.03-SP5
Date   : Tue Feb 25 06:57:39 2025
****************************************

Library(s) Used:

    saed32rvt_tt0p85v25c (File: /usr/local/eda/synLibs/SAED32_EDK/lib/stdcell_rvt/db_ccs/saed32rvt_tt0p85v25c.db)

Number of ports:                           32
Number of nets:                           132
Number of cells:                          106
Number of combinational cells:            105
Number of sequential cells:                 0
Number of macros/black boxes:               0
Number of buf/inv:                          5
Number of references:                      20

Combinational area:                299.889921
Buf/Inv area:                        6.353600
Noncombinational area:               0.000000
Macro/Black Box area:                0.000000
Net Interconnect area:              50.522754

Total cell area:                   299.889921
Total area:                        350.412675
1
