****************************************
Report : timing
	-path_type full
	-delay_type max
	-max_paths 1
	-sort_by slack
Design : top
Version: T-2022.03-SP5
Date   : Mon Feb 24 15:19:22 2025
****************************************


  Startpoint: A[3] (input port clocked by clk)
  Endpoint: O[7] (output port clocked by clk)
  Path Group: clk
  Path Type: max

  Point                                    Incr       Path
  ---------------------------------------------------------------
  clock clk (rise edge)                   0.000      0.000
  clock network delay (ideal)             0.000      0.000
  input external delay                    0.000      0.000 f
  A[3] (in)                               0.000      0.000 f
  U14/ZN (AND2_X1)                        0.043      0.043 f
  intadd_0_U5/CO (FA_X1)                  0.094      0.137 f
  intadd_0_U4/CO (FA_X1)                  0.093      0.230 f
  intadd_0_U3/CO (FA_X1)                  0.093      0.322 f
  intadd_0_U2/S (FA_X1)                   0.128      0.450 r
  O[7] (out)                              0.002      0.452 r
  data arrival time                                  0.452

  clock clk (rise edge)                   2.000      2.000
  clock network delay (ideal)             0.000      2.000
  clock reconvergence pessimism           0.000      2.000
  output external delay                   0.000      2.000
  data required time                                 2.000
  ---------------------------------------------------------------
  data required time                                 2.000
  data arrival time                                 -0.452
  ---------------------------------------------------------------
  slack (MET)                                        1.548


1
