****************************************
Report : timing
	-path_type full
	-delay_type max
	-max_paths 1
	-sort_by slack
Design : top
Version: T-2022.03-SP5
Date   : Mon Feb 24 15:29:03 2025
****************************************


  Startpoint: A[7] (input port clocked by clk)
  Endpoint: O[7] (output port clocked by clk)
  Path Group: clk
  Path Type: max

  Point                                    Incr       Path
  ---------------------------------------------------------------
  clock clk (rise edge)                   0.000      0.000
  clock network delay (ideal)             0.000      0.000
  input external delay                    0.000      0.000 f
  A[7] (in)                               0.000      0.000 f
  U11/ZN (INV_X1)                         0.031      0.031 r
  U13/ZN (NOR2_X1)                        0.028      0.059 f
  U14/ZN (AOI21_X1)                       0.046      0.106 r
  O[7] (out)                              0.002      0.108 r
  data arrival time                                  0.108

  clock clk (rise edge)                   2.000      2.000
  clock network delay (ideal)             0.000      2.000
  clock reconvergence pessimism           0.000      2.000
  output external delay                   0.000      2.000
  data required time                                 2.000
  ---------------------------------------------------------------
  data required time                                 2.000
  data arrival time                                 -0.108
  ---------------------------------------------------------------
  slack (MET)                                        1.892


1
