 
****************************************
Report : area
Design : top
Version: T-2022.03-SP5
Date   : Mon Feb 24 15:15:04 2025
****************************************

Library(s) Used:

    asap7 (File: /home/balaskas/axcarbon/libs/asap7/db/asap7.db)

Number of ports:                           32
Number of nets:                           443
Number of cells:                          427
Number of combinational cells:            427
Number of sequential cells:                 0
Number of macros/black boxes:               0
Number of buf/inv:                         97
Number of references:                      46

Combinational area:                 28.950048
Buf/Inv area:                        3.545856
Noncombinational area:               0.000000
Macro/Black Box area:                0.000000
Net Interconnect area:      undefined  (No wire load specified)

Total cell area:                    28.950048
Total area:                 undefined
1
