****************************************
Report : timing
	-path_type full
	-delay_type max
	-max_paths 1
	-sort_by slack
Design : top
Version: T-2022.03-SP5
Date   : Mon Feb 24 15:18:57 2025
****************************************


  Startpoint: A[3] (input port clocked by clk)
  Endpoint: O[7] (output port clocked by clk)
  Path Group: clk
  Path Type: max

  Point                                    Incr       Path
  ---------------------------------------------------------------
  clock clk (rise edge)                   0.000      0.000
  clock network delay (ideal)             0.000      0.000
  input external delay                    0.000      0.000 f
  A[3] (in)                               0.000      0.000 f
  U14/ZN (AND2_X1)                        0.006      0.006 f
  intadd_0_U5/CO (FA_X1)                  0.013      0.018 f
  intadd_0_U4/CO (FA_X1)                  0.013      0.031 f
  intadd_0_U3/CO (FA_X1)                  0.013      0.044 f
  intadd_0_U2/S (FA_X1)                   0.018      0.062 r
  O[7] (out)                              0.000      0.062 r
  data arrival time                                  0.062

  clock clk (rise edge)                   1.430      1.430
  clock network delay (ideal)             0.000      1.430
  clock reconvergence pessimism           0.000      1.430
  output external delay                   0.000      1.430
  data required time                                 1.430
  ---------------------------------------------------------------
  data required time                                 1.430
  data arrival time                                 -0.062
  ---------------------------------------------------------------
  slack (MET)                                        1.368


1
