 
****************************************
Report : area
Design : top
Version: T-2022.03-SP5
Date   : Mon Feb 24 16:30:20 2025
****************************************

Library(s) Used:

    asap7 (File: /home/balaskas/axcarbon/libs/asap7/db/asap7.db)

Number of ports:                           32
Number of nets:                           290
Number of cells:                          274
Number of combinational cells:            274
Number of sequential cells:                 0
Number of macros/black boxes:               0
Number of buf/inv:                         59
Number of references:                      22

Combinational area:                 18.872352
Buf/Inv area:                        2.064528
Noncombinational area:               0.000000
Macro/Black Box area:                0.000000
Net Interconnect area:      undefined  (No wire load specified)

Total cell area:                    18.872352
Total area:                 undefined
1
