****************************************
Report : timing
	-path_type full
	-delay_type max
	-max_paths 1
	-sort_by slack
Design : top
Version: T-2022.03-SP5
Date   : Mon Feb 24 15:22:09 2025
****************************************


  Startpoint: A[5] (input port clocked by clk)
  Endpoint: O[7] (output port clocked by clk)
  Path Group: clk
  Path Type: max

  Point                                    Incr       Path
  ---------------------------------------------------------------
  clock clk (rise edge)                   0.000      0.000
  clock network delay (ideal)             0.000      0.000
  input external delay                    0.000      0.000 r
  A[5] (in)                               0.000      0.000 r
  intadd_0_U4/CO (FA_X1)                  0.031      0.031 r
  intadd_0_U3/CO (FA_X1)                  0.032      0.063 r
  intadd_0_U2/S (FA_X1)                   0.047      0.110 f
  O[7] (out)                              0.000      0.110 f
  data arrival time                                  0.110

  clock clk (rise edge)                   1.065      1.065
  clock network delay (ideal)             0.000      1.065
  clock reconvergence pessimism           0.000      1.065
  output external delay                   0.000      1.065
  data required time                                 1.065
  ---------------------------------------------------------------
  data required time                                 1.065
  data arrival time                                 -0.110
  ---------------------------------------------------------------
  slack (MET)                                        0.955


1
