****************************************
Report : timing
	-path_type full
	-delay_type max
	-max_paths 1
	-sort_by slack
Design : top
Version: T-2022.03-SP5
Date   : Sun Feb 23 21:15:51 2025
****************************************


  Startpoint: A[6] (input port clocked by clk)
  Endpoint: O[7] (output port clocked by clk)
  Path Group: clk
  Path Type: max

  Point                                    Incr       Path
  ---------------------------------------------------------------
  clock clk (rise edge)                   0.000      0.000
  clock network delay (ideal)             0.000      0.000
  input external delay                    0.000      0.000 r
  A[6] (in)                               0.000      0.000 r
  U22/ZN (NAND2_X2)                       0.009      0.009 f
  U20/ZN (NAND2_X1)                       0.010      0.018 r
  U16/ZN (AOI22_X1)                       0.018      0.037 f
  U21/ZN (XNOR2_X1)                       0.024      0.060 f
  O[7] (out)                              0.000      0.060 f
  data arrival time                                  0.060

  clock clk (rise edge)                   0.000      0.000
  clock network delay (ideal)             0.000      0.000
  clock reconvergence pessimism           0.000      0.000
  output external delay                   0.000      0.000
  data required time                                 0.000
  ---------------------------------------------------------------
  data required time                                 0.000
  data arrival time                                 -0.060
  ---------------------------------------------------------------
  slack (VIOLATED)                                  -0.060


1
