 
****************************************
Report : area
Design : top
Version: T-2022.03-SP5
Date   : Sun Feb 23 21:15:47 2025
****************************************

Library(s) Used:

    typical (File: /home/balaskas/axcarbon/libs/variability14/db/predicted_0.db)

Number of ports:                           25
Number of nets:                            46
Number of cells:                           35
Number of combinational cells:             35
Number of sequential cells:                 0
Number of macros/black boxes:               0
Number of buf/inv:                          8
Number of references:                      15

Combinational area:                 10.715136
Buf/Inv area:                        3.047424
Noncombinational area:               0.000000
Macro/Black Box area:                0.000000
Net Interconnect area:      undefined  (No wire load specified)

Total cell area:                    10.715136
Total area:                 undefined
1
