****************************************
Report : Averaged Power
Design : top
Version: T-2022.03-SP5
Date   : Sun Feb 23 21:16:06 2025
****************************************



  Attributes
  ----------
      i  -  Including register clock pin internal power
      u  -  User defined power group

                        Internal  Switching  Leakage    Total
Power Group             Power     Power      Power      Power   (     %)  Attrs
--------------------------------------------------------------------------------
clock_network              0.0000    0.0000    0.0000    0.0000 ( 0.00%)  i
register                   0.0000    0.0000    0.0000    0.0000 ( 0.00%)  
combinational           3.248e-04 9.461e-05 1.536e-07 4.196e-04 (100.00%) 
sequential                 0.0000    0.0000    0.0000    0.0000 ( 0.00%)  
memory                     0.0000    0.0000    0.0000    0.0000 ( 0.00%)  
io_pad                     0.0000    0.0000    0.0000    0.0000 ( 0.00%)  
black_box                  0.0000    0.0000    0.0000    0.0000 ( 0.00%)  

  Net Switching Power  = 9.461e-05   (22.55%)
  Cell Internal Power  = 3.248e-04   (77.41%)
  Cell Leakage Power   = 1.536e-07   ( 0.04%)
                         ---------
Total Power            = 4.196e-04  (100.00%)

1
