 
****************************************
Report : area
Design : top
Version: T-2022.03-SP5
Date   : Mon Feb 24 21:21:09 2025
****************************************

Library(s) Used:

    saed14rvt_tt0p8v25c (File: /usr/local/eda/synLibs/saed14nm/SAED14nm_EDK_06052019/stdcell_rvt/db_ccs/saed14rvt_tt0p8v25c.db)

Number of ports:                           25
Number of nets:                            18
Number of cells:                            4
Number of combinational cells:              4
Number of sequential cells:                 0
Number of macros/black boxes:               0
Number of buf/inv:                          1
Number of references:                       2

Combinational area:                  3.241200
Buf/Inv area:                        0.177600
Noncombinational area:               0.000000
Macro/Black Box area:                0.000000
Net Interconnect area:               1.591671

Total cell area:                     3.241200
Total area:                          4.832871
1
