****************************************
Report : timing
	-path_type full
	-delay_type max
	-max_paths 1
	-sort_by slack
Design : top
Version: T-2022.03-SP5
Date   : Mon Feb 24 21:21:17 2025
****************************************


  Startpoint: B[4] (input port clocked by clk)
  Endpoint: O[7] (output port clocked by clk)
  Path Group: clk
  Path Type: max

  Point                                                   Incr       Path
  ------------------------------------------------------------------------------
  clock clk (rise edge)                                  0.000      0.000
  clock network delay (ideal)                            0.000      0.000
  input external delay                                   0.000      0.000 f
  B[4] (in)                                              0.000      0.000 f
  intadd_0_U4/CO (SAEDRVT14_ADDF_V1_0P5)                 0.048      0.048 f
  intadd_0_U3/CO (SAEDRVT14_ADDF_V1_0P5)                 0.042      0.090 f
  intadd_0_U2/S (SAEDRVT14_ADDF_V1_0P5)                  0.050      0.141 r
  O[7] (out)                                             0.004      0.144 r
  data arrival time                                                 0.144

  clock clk (rise edge)                                  1.065      1.065
  clock network delay (ideal)                            0.000      1.065
  clock reconvergence pessimism                          0.000      1.065
  output external delay                                  0.000      1.065
  data required time                                                1.065
  ------------------------------------------------------------------------------
  data required time                                                1.065
  data arrival time                                                -0.144
  ------------------------------------------------------------------------------
  slack (MET)                                                       0.921


1
