****************************************
Report : timing
	-path_type full
	-delay_type max
	-max_paths 1
	-sort_by slack
Design : top
Version: T-2022.03-SP5
Date   : Sun Feb 23 21:19:16 2025
****************************************


  Startpoint: B[9] (input port clocked by clk)
  Endpoint: O[13] (output port clocked by clk)
  Path Group: clk
  Path Type: max

  Point                                    Incr       Path
  ---------------------------------------------------------------
  clock clk (rise edge)                   0.000      0.000
  clock network delay (ideal)             0.000      0.000
  input external delay                    0.000      0.000 f
  B[9] (in)                               0.000      0.000 f
  U35/ZN (OAI21_X4)                       0.003      0.003 r
  U33/ZN (AND2_X4)                        0.006      0.010 r
  U31/ZN (OAI211_X4)                      0.003      0.012 f
  U13/Z (BUF_X2)                          0.006      0.018 f
  U60/ZN (XNOR2_X1)                       0.005      0.023 f
  O[13] (out)                             0.000      0.023 f
  data arrival time                                  0.023

  clock clk (rise edge)                   0.000      0.000
  clock network delay (ideal)             0.000      0.000
  clock reconvergence pessimism           0.000      0.000
  output external delay                   0.000      0.000
  data required time                                 0.000
  ---------------------------------------------------------------
  data required time                                 0.000
  data arrival time                                 -0.023
  ---------------------------------------------------------------
  slack (VIOLATED)                                  -0.023


1
