 
****************************************
Report : area
Design : top
Version: T-2022.03-SP5
Date   : Sun Feb 23 21:19:12 2025
****************************************

Library(s) Used:

    typical (File: /home/balaskas/axcarbon/libs/fdsoi28/db/28nm_FDSOI_0.9V_300K.db)

Number of ports:                           49
Number of nets:                            76
Number of cells:                           59
Number of combinational cells:             57
Number of sequential cells:                 0
Number of macros/black boxes:               0
Number of buf/inv:                         15
Number of references:                      24

Combinational area:                105.070000
Buf/Inv area:                       27.132000
Noncombinational area:               0.000000
Macro/Black Box area:                0.000000
Net Interconnect area:      undefined  (No wire load specified)

Total cell area:                   105.070000
Total area:                 undefined
1
