 
****************************************
Report : area
Design : top
Version: T-2022.03-SP5
Date   : Sun Feb 23 20:59:37 2025
****************************************

Library(s) Used:

    typical (File: /home/balaskas/axcarbon/libs/fdsoi28/db/28nm_FDSOI_0.9V_300K.db)

Number of ports:                           32
Number of nets:                           572
Number of cells:                          556
Number of combinational cells:            556
Number of sequential cells:                 0
Number of macros/black boxes:               0
Number of buf/inv:                        136
Number of references:                      46

Combinational area:                847.476009
Buf/Inv area:                      102.144000
Noncombinational area:               0.000000
Macro/Black Box area:                0.000000
Net Interconnect area:      undefined  (No wire load specified)

Total cell area:                   847.476009
Total area:                 undefined
1
