****************************************
Report : timing
	-path_type full
	-delay_type max
	-max_paths 1
	-sort_by slack
Design : top
Version: T-2022.03-SP5
Date   : Sun Feb 23 21:24:52 2025
****************************************


  Startpoint: B[11] (input port clocked by clk)
  Endpoint: O[15] (output port clocked by clk)
  Path Group: clk
  Path Type: max

  Point                                    Incr       Path
  ---------------------------------------------------------------
  clock clk (rise edge)                   0.000      0.000
  clock network delay (ideal)             0.000      0.000
  input external delay                    0.000      0.000 f
  B[11] (in)                              0.000      0.000 f
  U28/ZN (NOR2_X4)                        0.003      0.003 r
  U26/ZN (OR2_X4)                         0.005      0.008 r
  U22/ZN (NAND2_X4)                       0.003      0.010 f
  U21/ZN (AOI21_X4)                       0.003      0.014 r
  U23/ZN (XNOR2_X1)                       0.007      0.020 r
  O[15] (out)                             0.000      0.020 r
  data arrival time                                  0.020

  clock clk (rise edge)                   0.000      0.000
  clock network delay (ideal)             0.000      0.000
  clock reconvergence pessimism           0.000      0.000
  output external delay                   0.000      0.000
  data required time                                 0.000
  ---------------------------------------------------------------
  data required time                                 0.000
  data arrival time                                 -0.020
  ---------------------------------------------------------------
  slack (VIOLATED)                                  -0.020


1
