****************************************
Report : timing
	-path_type full
	-delay_type max
	-max_paths 1
	-sort_by slack
Design : top
Version: T-2022.03-SP5
Date   : Mon Feb 24 15:25:00 2025
****************************************


  Startpoint: A[12] (input port clocked by clk)
  Endpoint: O[15] (output port clocked by clk)
  Path Group: clk
  Path Type: max

  Point                                    Incr       Path
  ---------------------------------------------------------------
  clock clk (rise edge)                   0.000      0.000
  clock network delay (ideal)             0.000      0.000
  input external delay                    0.000      0.000 f
  A[12] (in)                              0.000      0.000 f
  intadd_0_U4/CO (FA_X1)                  0.013      0.013 f
  intadd_0_U3/CO (FA_X1)                  0.013      0.026 f
  intadd_0_U2/CO (FA_X1)                  0.013      0.039 f
  U12/ZN (NAND2_X1)                       0.005      0.045 r
  U14/ZN (OAI21_X1)                       0.004      0.049 f
  U15/ZN (INV_X1)                         0.002      0.051 r
  O[15] (out)                             0.000      0.051 r
  data arrival time                                  0.051

  clock clk (rise edge)                   1.430      1.430
  clock network delay (ideal)             0.000      1.430
  clock reconvergence pessimism           0.000      1.430
  output external delay                   0.000      1.430
  data required time                                 1.430
  ---------------------------------------------------------------
  data required time                                 1.430
  data arrival time                                 -0.051
  ---------------------------------------------------------------
  slack (MET)                                        1.379


1
