****************************************
Report : timing
	-path_type full
	-delay_type max
	-max_paths 1
	-sort_by slack
Design : top
Version: T-2022.03-SP5
Date   : Sun Feb 23 21:18:26 2025
****************************************


  Startpoint: B[6] (input port clocked by clk)
  Endpoint: O[7] (output port clocked by clk)
  Path Group: clk
  Path Type: max

  Point                                    Incr       Path
  ---------------------------------------------------------------
  clock clk (rise edge)                   0.000      0.000
  clock network delay (ideal)             0.000      0.000
  input external delay                    0.000      0.000 f
  B[6] (in)                               0.000      0.000 f
  U11/ZN (AOI22_X1)                       0.057      0.057 r
  U13/ZN (AND2_X1)                        0.046      0.103 r
  U16/ZN (NOR2_X1)                        0.025      0.128 f
  U18/ZN (XNOR2_X1)                       0.050      0.178 f
  O[7] (out)                              0.002      0.180 f
  data arrival time                                  0.180

  clock clk (rise edge)                   0.000      0.000
  clock network delay (ideal)             0.000      0.000
  clock reconvergence pessimism           0.000      0.000
  output external delay                   0.000      0.000
  data required time                                 0.000
  ---------------------------------------------------------------
  data required time                                 0.000
  data arrival time                                 -0.180
  ---------------------------------------------------------------
  slack (VIOLATED)                                  -0.180


1
