****************************************
Report : timing
	-path_type full
	-delay_type max
	-max_paths 1
	-sort_by slack
Design : top
Version: T-2022.03-SP5
Date   : Mon Feb 24 15:19:12 2025
****************************************


  Startpoint: B[6] (input port clocked by clk)
  Endpoint: O[15] (output port clocked by clk)
  Path Group: clk
  Path Type: max

  Point                                    Incr       Path
  ---------------------------------------------------------------
  clock clk (rise edge)                   0.000      0.000
  clock network delay (ideal)             0.000      0.000
  input external delay                    0.000      0.000 r
  B[6] (in)                               0.000      0.000 r
  U18/Z (OR2_X1)                          0.015      0.015 r
  intadd_0_U10/CO (FA_X1)                 0.031      0.046 r
  intadd_0_U9/CO (FA_X1)                  0.032      0.078 r
  intadd_0_U8/CO (FA_X1)                  0.032      0.110 r
  intadd_0_U7/CO (FA_X1)                  0.032      0.142 r
  intadd_0_U6/CO (FA_X1)                  0.032      0.175 r
  intadd_0_U5/CO (FA_X1)                  0.032      0.207 r
  intadd_0_U4/CO (FA_X1)                  0.032      0.239 r
  intadd_0_U3/CO (FA_X1)                  0.032      0.271 r
  intadd_0_U2/S (FA_X1)                   0.047      0.318 f
  O[15] (out)                             0.000      0.318 f
  data arrival time                                  0.318

  clock clk (rise edge)                   1.065      1.065
  clock network delay (ideal)             0.000      1.065
  clock reconvergence pessimism           0.000      1.065
  output external delay                   0.000      1.065
  data required time                                 1.065
  ---------------------------------------------------------------
  data required time                                 1.065
  data arrival time                                 -0.318
  ---------------------------------------------------------------
  slack (MET)                                        0.747


1
