****************************************
Report : timing
	-path_type full
	-delay_type max
	-max_paths 1
	-sort_by slack
Design : top
Version: T-2022.03-SP5
Date   : Mon Feb 24 15:29:50 2025
****************************************


  Startpoint: B[15] (input port clocked by clk)
  Endpoint: O[15] (output port clocked by clk)
  Path Group: clk
  Path Type: max

  Point                                    Incr       Path
  ---------------------------------------------------------------
  clock clk (rise edge)                   0.000      0.000
  clock network delay (ideal)             0.000      0.000
  input external delay                    0.000      0.000 f
  B[15] (in)                              0.000      0.000 f
  U12/Y (OAI21xp5b_ASAP7_6t_R)           10.371     10.371 r
  U11/Y (OAI31xp5f_ASAP7_6t_R)           10.279     20.650 f
  O[15] (out)                             0.000     20.650 f
  data arrival time                                 20.650

  clock clk (rise edge)                   0.955      0.955
  clock network delay (ideal)             0.000      0.955
  clock reconvergence pessimism           0.000      0.955
  output external delay                   0.000      0.955
  data required time                                 0.955
  ---------------------------------------------------------------
  data required time                                 0.955
  data arrival time                                -20.650
  ---------------------------------------------------------------
  slack (VIOLATED)                                 -19.695


1
