 
****************************************
Report : area
Design : top
Version: T-2022.03-SP5
Date   : Mon Feb 24 21:02:57 2025
****************************************

Library(s) Used:

    saed14rvt_tt0p8v25c (File: /usr/local/eda/synLibs/saed14nm/SAED14nm_EDK_06052019/stdcell_rvt/db_ccs/saed14rvt_tt0p8v25c.db)

Number of ports:                           32
Number of nets:                           210
Number of cells:                          148
Number of combinational cells:            148
Number of sequential cells:                 0
Number of macros/black boxes:               0
Number of buf/inv:                         15
Number of references:                      18

Combinational area:                 72.993598
Buf/Inv area:                        2.664000
Noncombinational area:               0.000000
Macro/Black Box area:                0.000000
Net Interconnect area:              35.320777

Total cell area:                    72.993598
Total area:                        108.314375
1
