 
****************************************
Report : area
Design : top
Version: T-2022.03-SP5
Date   : Mon Feb 24 16:33:01 2025
****************************************

Library(s) Used:

    asap7 (File: /home/balaskas/axcarbon/libs/asap7/db/asap7.db)

Number of ports:                           32
Number of nets:                            69
Number of cells:                           59
Number of combinational cells:             59
Number of sequential cells:                 0
Number of macros/black boxes:               0
Number of buf/inv:                         14
Number of references:                      20

Combinational area:                  3.744144
Buf/Inv area:                        0.489888
Noncombinational area:               0.000000
Macro/Black Box area:                0.000000
Net Interconnect area:      undefined  (No wire load specified)

Total cell area:                     3.744144
Total area:                 undefined
1
