 
****************************************
Report : area
Design : top
Version: T-2022.03-SP5
Date   : Tue Feb 25 06:51:34 2025
****************************************

Library(s) Used:

    saed32rvt_tt0p85v25c (File: /usr/local/eda/synLibs/SAED32_EDK/lib/stdcell_rvt/db_ccs/saed32rvt_tt0p85v25c.db)

Number of ports:                           32
Number of nets:                           512
Number of cells:                          493
Number of combinational cells:            493
Number of sequential cells:                 0
Number of macros/black boxes:               0
Number of buf/inv:                         97
Number of references:                      40

Combinational area:               1170.078989
Buf/Inv area:                      133.425601
Noncombinational area:               0.000000
Macro/Black Box area:                0.000000
Net Interconnect area:             176.635713

Total cell area:                  1170.078989
Total area:                       1346.714702
1
