 
****************************************
Report : area
Design : top
Version: T-2022.03-SP5
Date   : Sun Feb 23 21:12:10 2025
****************************************

Library(s) Used:

    typical (File: /home/balaskas/axcarbon/libs/variability14/db/predicted_0.db)

Number of ports:                           49
Number of nets:                            99
Number of cells:                           80
Number of combinational cells:             79
Number of sequential cells:                 0
Number of macros/black boxes:               0
Number of buf/inv:                         13
Number of references:                      17

Combinational area:                 22.364161
Buf/Inv area:                        2.408448
Noncombinational area:               0.000000
Macro/Black Box area:                0.000000
Net Interconnect area:      undefined  (No wire load specified)

Total cell area:                    22.364161
Total area:                 undefined
1
