 
****************************************
Report : area
Design : top
Version: T-2022.03-SP5
Date   : Mon Feb 24 15:24:10 2025
****************************************

Library(s) Used:

    typical (File: /home/balaskas/axcarbon/libs/variability14/db/predicted_0.db)

Number of ports:                           32
Number of nets:                           129
Number of cells:                           93
Number of combinational cells:             92
Number of sequential cells:                 0
Number of macros/black boxes:               0
Number of buf/inv:                         19
Number of references:                      10

Combinational area:                 38.830119
Buf/Inv area:                        2.801664
Noncombinational area:               0.000000
Macro/Black Box area:                0.000000
Net Interconnect area:      undefined  (No wire load specified)

Total cell area:                    38.830119
Total area:                 undefined
1
