 
****************************************
Report : area
Design : top
Version: T-2022.03-SP5
Date   : Sun Feb 23 21:12:37 2025
****************************************

Library(s) Used:

    typical (File: /home/balaskas/axcarbon/libs/fdsoi28/db/28nm_FDSOI_0.9V_300K.db)

Number of ports:                           32
Number of nets:                           488
Number of cells:                          472
Number of combinational cells:            471
Number of sequential cells:                 0
Number of macros/black boxes:               0
Number of buf/inv:                        122
Number of references:                      40

Combinational area:                686.812007
Buf/Inv area:                       89.642000
Noncombinational area:               0.000000
Macro/Black Box area:                0.000000
Net Interconnect area:      undefined  (No wire load specified)

Total cell area:                   686.812007
Total area:                 undefined
1
