 
****************************************
Report : area
Design : top
Version: T-2022.03-SP5
Date   : Mon Feb 24 21:21:54 2025
****************************************

Library(s) Used:

    saed14rvt_tt0p8v25c (File: /usr/local/eda/synLibs/saed14nm/SAED14nm_EDK_06052019/stdcell_rvt/db_ccs/saed14rvt_tt0p8v25c.db)

Number of ports:                           32
Number of nets:                           123
Number of cells:                           87
Number of combinational cells:             87
Number of sequential cells:                 0
Number of macros/black boxes:               0
Number of buf/inv:                         15
Number of references:                      14

Combinational area:                 36.851999
Buf/Inv area:                        2.664000
Noncombinational area:               0.000000
Macro/Black Box area:                0.000000
Net Interconnect area:              20.399217

Total cell area:                    36.851999
Total area:                         57.251216
1
