****************************************
Report : timing
	-path_type full
	-delay_type max
	-max_paths 1
	-sort_by slack
Design : top
Version: T-2022.03-SP5
Date   : Mon Feb 24 21:22:02 2025
****************************************


  Startpoint: B[7] (input port clocked by clk)
  Endpoint: O[14] (output port clocked by clk)
  Path Group: clk
  Path Type: max

  Point                                                   Incr       Path
  ------------------------------------------------------------------------------
  clock clk (rise edge)                                  0.000      0.000
  clock network delay (ideal)                            0.000      0.000
  input external delay                                   0.000      0.000 f
  B[7] (in)                                              0.000      0.000 f
  U145/X (SAEDRVT14_INV_0P5)                             0.025      0.025 r
  U92/X (SAEDRVT14_NR2_1)                                0.026      0.051 f
  intadd_1_U6/S (SAEDRVT14_ADDF_V1_0P5)                  0.055      0.106 r
  intadd_2_U5/S (SAEDRVT14_ADDF_V1_0P5)                  0.055      0.161 f
  intadd_3_U4/S (SAEDRVT14_ADDF_V1_0P5)                  0.060      0.222 r
  U152/S (SAEDRVT14_ADDF_V1_0P5)                         0.055      0.277 f
  intadd_0_U6/S (SAEDRVT14_ADDF_V1_0P5)                  0.061      0.338 r
  U114/X (SAEDRVT14_AN2_MM_0P5)                          0.026      0.364 r
  intadd_0_U5/CO (SAEDRVT14_ADDF_V1_0P5)                 0.040      0.405 r
  intadd_0_U4/CO (SAEDRVT14_ADDF_V1_0P5)                 0.042      0.447 r
  intadd_0_U3/CO (SAEDRVT14_ADDF_V1_0P5)                 0.042      0.488 r
  intadd_0_U2/CO (SAEDRVT14_ADDF_V1_0P5)                 0.045      0.533 r
  U154/X (SAEDRVT14_AOI21_0P75)                          0.019      0.552 f
  U157/X (SAEDRVT14_MUXI2_U_0P5)                         0.016      0.569 r
  O[14] (out)                                            0.004      0.572 r
  data arrival time                                                 0.572

  clock clk (rise edge)                                  1.065      1.065
  clock network delay (ideal)                            0.000      1.065
  clock reconvergence pessimism                          0.000      1.065
  output external delay                                  0.000      1.065
  data required time                                                1.065
  ------------------------------------------------------------------------------
  data required time                                                1.065
  data arrival time                                                -0.572
  ------------------------------------------------------------------------------
  slack (MET)                                                       0.493


1
