 
****************************************
Report : area
Design : top
Version: T-2022.03-SP5
Date   : Mon Feb 24 21:13:54 2025
****************************************

Library(s) Used:

    saed14rvt_tt0p8v25c (File: /usr/local/eda/synLibs/saed14nm/SAED14nm_EDK_06052019/stdcell_rvt/db_ccs/saed14rvt_tt0p8v25c.db)

Number of ports:                           25
Number of nets:                            29
Number of cells:                           11
Number of combinational cells:             11
Number of sequential cells:                 0
Number of macros/black boxes:               0
Number of buf/inv:                          1
Number of references:                       7

Combinational area:                  6.304800
Buf/Inv area:                        0.177600
Noncombinational area:               0.000000
Macro/Black Box area:                0.000000
Net Interconnect area:               3.114912

Total cell area:                     6.304800
Total area:                          9.419712
1
