****************************************
Report : timing
	-path_type full
	-delay_type max
	-max_paths 1
	-sort_by slack
Design : top
Version: T-2022.03-SP5
Date   : Mon Feb 24 21:14:03 2025
****************************************


  Startpoint: A[3] (input port clocked by clk)
  Endpoint: O[7] (output port clocked by clk)
  Path Group: clk
  Path Type: max

  Point                                                   Incr       Path
  ------------------------------------------------------------------------------
  clock clk (rise edge)                                  0.000      0.000
  clock network delay (ideal)                            0.000      0.000
  input external delay                                   0.000      0.000 r
  A[3] (in)                                              0.000      0.000 r
  U14/X (SAEDRVT14_ND2_CDC_0P5)                          0.018      0.018 f
  U16/X (SAEDRVT14_INV_0P5)                              0.017      0.035 r
  intadd_0_U5/CO (SAEDRVT14_ADDF_V1_0P5)                 0.041      0.076 r
  intadd_0_U4/CO (SAEDRVT14_ADDF_V1_0P5)                 0.042      0.118 r
  intadd_0_U3/CO (SAEDRVT14_ADDF_V1_0P5)                 0.042      0.159 r
  intadd_0_U2/S (SAEDRVT14_ADDF_V1_0P5)                  0.050      0.210 f
  O[7] (out)                                             0.004      0.214 f
  data arrival time                                                 0.214

  clock clk (rise edge)                                  1.065      1.065
  clock network delay (ideal)                            0.000      1.065
  clock reconvergence pessimism                          0.000      1.065
  output external delay                                  0.000      1.065
  data required time                                                1.065
  ------------------------------------------------------------------------------
  data required time                                                1.065
  data arrival time                                                -0.214
  ------------------------------------------------------------------------------
  slack (MET)                                                       0.851


1
