****************************************
Report : timing
	-path_type full
	-delay_type max
	-max_paths 1
	-sort_by slack
Design : top
Version: T-2022.03-SP5
Date   : Tue Feb 25 06:54:55 2025
****************************************


  Startpoint: B[7] (input port clocked by clk)
  Endpoint: O[5] (output port clocked by clk)
  Path Group: clk
  Path Type: max

  Point                                    Incr       Path
  ---------------------------------------------------------------
  clock clk (rise edge)                   0.000      0.000
  clock network delay (ideal)             0.000      0.000
  input external delay                    0.000      0.000 r
  B[7] (in)                               0.000      0.000 r
  intadd_1_U5/CO (FADDX1_RVT)             0.035      0.035 r
  intadd_1_U4/CO (FADDX1_RVT)             0.027      0.062 r
  intadd_1_U3/CO (FADDX1_RVT)             0.027      0.089 r
  intadd_1_U2/CO (FADDX1_RVT)             0.027      0.117 r
  intadd_0_U5/CO (FADDX1_RVT)             0.031      0.147 r
  intadd_0_U4/CO (FADDX1_RVT)             0.027      0.175 r
  intadd_0_U3/CO (FADDX1_RVT)             0.027      0.202 r
  intadd_0_U2/S (FADDX1_RVT)              0.027      0.229 r
  O[5] (out)                              0.005      0.234 r
  data arrival time                                  0.234

  clock clk (rise edge)                   1.430      1.430
  clock network delay (ideal)             0.000      1.430
  clock reconvergence pessimism           0.000      1.430
  output external delay                   0.000      1.430
  data required time                                 1.430
  ---------------------------------------------------------------
  data required time                                 1.430
  data arrival time                                 -0.234
  ---------------------------------------------------------------
  slack (MET)                                        1.196


1
