****************************************
Report : Averaged Power
Design : top
Version: T-2022.03-SP5
Date   : Tue Feb 25 06:55:11 2025
****************************************



  Attributes
  ----------
      i  -  Including register clock pin internal power
      u  -  User defined power group

                        Internal  Switching  Leakage    Total
Power Group             Power     Power      Power      Power   (     %)  Attrs
--------------------------------------------------------------------------------
clock_network              0.0000    0.0000    0.0000    0.0000 ( 0.00%)  i
register                   0.0000    0.0000    0.0000    0.0000 ( 0.00%)  
combinational              0.0000 7.620e-07 1.273e-06 2.035e-06 (100.00%) 
sequential                 0.0000    0.0000    0.0000    0.0000 ( 0.00%)  
memory                     0.0000    0.0000    0.0000    0.0000 ( 0.00%)  
io_pad                     0.0000    0.0000    0.0000    0.0000 ( 0.00%)  
black_box                  0.0000    0.0000    0.0000    0.0000 ( 0.00%)  

  Net Switching Power  = 7.620e-07   (37.44%)
  Cell Internal Power  =    0.0000   ( 0.00%)
  Cell Leakage Power   = 1.273e-06   (62.56%)
                         ---------
Total Power            = 2.035e-06  (100.00%)

1
