****************************************
Report : timing
	-path_type full
	-delay_type max
	-max_paths 1
	-sort_by slack
Design : top
Version: T-2022.03-SP5
Date   : Sun Feb 23 20:55:06 2025
****************************************


  Startpoint: B[8] (input port clocked by clk)
  Endpoint: O[12] (output port clocked by clk)
  Path Group: clk
  Path Type: max

  Point                                    Incr       Path
  ---------------------------------------------------------------
  clock clk (rise edge)                   0.000      0.000
  clock network delay (ideal)             0.000      0.000
  input external delay                    0.000      0.000 f
  B[8] (in)                               0.000      0.000 f
  U91/ZN (NOR2_X2)                        0.012      0.012 r
  U93/ZN (OAI21_X2)                       0.015      0.027 f
  U95/ZN (AOI21_X2)                       0.017      0.044 r
  U72/ZN (INV_X2)                         0.010      0.053 f
  U71/ZN (NOR2_X2)                        0.020      0.073 r
  U57/ZN (OAI21_X1)                       0.019      0.093 f
  U73/ZN (XNOR2_X1)                       0.024      0.116 f
  O[12] (out)                             0.000      0.116 f
  data arrival time                                  0.116

  clock clk (rise edge)                   0.000      0.000
  clock network delay (ideal)             0.000      0.000
  clock reconvergence pessimism           0.000      0.000
  output external delay                   0.000      0.000
  data required time                                 0.000
  ---------------------------------------------------------------
  data required time                                 0.000
  data arrival time                                 -0.116
  ---------------------------------------------------------------
  slack (VIOLATED)                                  -0.116


1
