 
****************************************
Report : area
Design : top
Version: T-2022.03-SP5
Date   : Sun Feb 23 20:55:01 2025
****************************************

Library(s) Used:

    typical (File: /home/balaskas/axcarbon/libs/variability14/db/predicted_0.db)

Number of ports:                           49
Number of nets:                           160
Number of cells:                          133
Number of combinational cells:            132
Number of sequential cells:                 0
Number of macros/black boxes:               0
Number of buf/inv:                         35
Number of references:                      18

Combinational area:                 35.438593
Buf/Inv area:                        6.684672
Noncombinational area:               0.000000
Macro/Black Box area:                0.000000
Net Interconnect area:      undefined  (No wire load specified)

Total cell area:                    35.438593
Total area:                 undefined
1
