****************************************
Report : timing
	-path_type full
	-delay_type max
	-max_paths 1
	-sort_by slack
Design : top
Version: T-2022.03-SP5
Date   : Mon Feb 24 16:33:40 2025
****************************************


  Startpoint: A[7] (input port clocked by clk)
  Endpoint: O[7] (output port clocked by clk)
  Path Group: clk
  Path Type: max

  Point                                    Incr       Path
  ---------------------------------------------------------------
  clock clk (rise edge)                   0.000      0.000
  clock network delay (ideal)             0.000      0.000
  input external delay                    0.000      0.000 f
  A[7] (in)                               0.000      0.000 f
  U15/Y (INVxp5_ASAP7_6t_R)              15.042     15.042 r
  U11/Y (AOI22xp25_ASAP7_6t_R)           27.773     42.814 f
  U10/Y (XNOR2xp5_ASAP7_6t_R)            31.275     74.090 f
  O[7] (out)                              0.000     74.090 f
  data arrival time                                 74.090

  clock clk (rise edge)                 955.000    955.000
  clock network delay (ideal)             0.000    955.000
  clock reconvergence pessimism           0.000    955.000
  output external delay                   0.000    955.000
  data required time                               955.000
  ---------------------------------------------------------------
  data required time                               955.000
  data arrival time                                -74.090
  ---------------------------------------------------------------
  slack (MET)                                      880.910


1
