****************************************
Report : timing
	-path_type full
	-delay_type max
	-max_paths 1
	-sort_by slack
Design : top
Version: T-2022.03-SP5
Date   : Sun Feb 23 21:31:17 2025
****************************************


  Startpoint: B[6] (input port clocked by clk)
  Endpoint: O[14] (output port clocked by clk)
  Path Group: clk
  Path Type: max

  Point                                    Incr       Path
  ---------------------------------------------------------------
  clock clk (rise edge)                   0.000      0.000
  clock network delay (ideal)             0.000      0.000
  input external delay                    0.000      0.000 f
  B[6] (in)                               0.000      0.000 f
  U14/ZN (OAI211_X1)                      0.057      0.057 r
  U11/ZN (AND2_X1)                        0.043      0.100 r
  O[14] (out)                             0.002      0.102 r
  data arrival time                                  0.102

  clock clk (rise edge)                   0.000      0.000
  clock network delay (ideal)             0.000      0.000
  clock reconvergence pessimism           0.000      0.000
  output external delay                   0.000      0.000
  data required time                                 0.000
  ---------------------------------------------------------------
  data required time                                 0.000
  data arrival time                                 -0.102
  ---------------------------------------------------------------
  slack (VIOLATED)                                  -0.102


1
