 
****************************************
Report : area
Design : top
Version: T-2022.03-SP5
Date   : Sun Feb 23 21:31:13 2025
****************************************

Library(s) Used:

    NangateOpenCellLibrary (File: /home/balaskas/axcarbon/libs/nangate45/db/nangate45.db)

Number of ports:                           32
Number of nets:                            16
Number of cells:                           10
Number of combinational cells:              9
Number of sequential cells:                 0
Number of macros/black boxes:               0
Number of buf/inv:                          1
Number of references:                       6

Combinational area:                  9.842000
Buf/Inv area:                        0.532000
Noncombinational area:               0.000000
Macro/Black Box area:                0.000000
Net Interconnect area:      undefined  (Wire load has zero net area)

Total cell area:                     9.842000
Total area:                 undefined
1
