****************************************
Report : Averaged Power
Design : top
Version: T-2022.03-SP5
Date   : Mon Feb 24 15:32:26 2025
****************************************



  Attributes
  ----------
      i  -  Including register clock pin internal power
      u  -  User defined power group

                        Internal  Switching  Leakage    Total
Power Group             Power     Power      Power      Power   (     %)  Attrs
--------------------------------------------------------------------------------
clock_network              0.0000    0.0000    0.0000    0.0000 ( 0.00%)  i
register                   0.0000    0.0000    0.0000    0.0000 ( 0.00%)  
combinational           6.614e-08 7.420e-08 1.576e-09 1.419e-07 (100.00%) 
sequential                 0.0000    0.0000    0.0000    0.0000 ( 0.00%)  
memory                     0.0000    0.0000    0.0000    0.0000 ( 0.00%)  
io_pad                     0.0000    0.0000    0.0000    0.0000 ( 0.00%)  
black_box                  0.0000    0.0000    0.0000    0.0000 ( 0.00%)  

  Net Switching Power  = 7.420e-08   (52.28%)
  Cell Internal Power  = 6.614e-08   (46.61%)
  Cell Leakage Power   = 1.576e-09   ( 1.11%)
                         ---------
Total Power            = 1.419e-07  (100.00%)

1
