****************************************
Report : timing
	-path_type full
	-delay_type max
	-max_paths 1
	-sort_by slack
Design : top
Version: T-2022.03-SP5
Date   : Mon Feb 24 15:32:13 2025
****************************************


  Startpoint: B[15] (input port clocked by clk)
  Endpoint: O[16] (output port clocked by clk)
  Path Group: clk
  Path Type: max

  Point                                    Incr       Path
  ---------------------------------------------------------------
  clock clk (rise edge)                   0.000      0.000
  clock network delay (ideal)             0.000      0.000
  input external delay                    0.000      0.000 f
  B[15] (in)                              0.000      0.000 f
  U11/ZN (NOR2_X1)                        0.005      0.005 r
  U13/ZN (NOR2_X1)                        0.004      0.009 f
  U14/ZN (AOI21_X1)                       0.004      0.014 r
  U15/ZN (INV_X1)                         0.002      0.016 f
  O[16] (out)                             0.000      0.016 f
  data arrival time                                  0.016

  clock clk (rise edge)                   1.430      1.430
  clock network delay (ideal)             0.000      1.430
  clock reconvergence pessimism           0.000      1.430
  output external delay                   0.000      1.430
  data required time                                 1.430
  ---------------------------------------------------------------
  data required time                                 1.430
  data arrival time                                 -0.016
  ---------------------------------------------------------------
  slack (MET)                                        1.414


1
