 
****************************************
Report : area
Design : top
Version: T-2022.03-SP5
Date   : Mon Feb 24 16:31:02 2025
****************************************

Library(s) Used:

    asap7 (File: /home/balaskas/axcarbon/libs/asap7/db/asap7.db)

Number of ports:                           32
Number of nets:                           271
Number of cells:                          255
Number of combinational cells:            255
Number of sequential cells:                 0
Number of macros/black boxes:               0
Number of buf/inv:                         56
Number of references:                      25

Combinational area:                 17.624304
Buf/Inv area:                        1.959552
Noncombinational area:               0.000000
Macro/Black Box area:                0.000000
Net Interconnect area:      undefined  (No wire load specified)

Total cell area:                    17.624304
Total area:                 undefined
1
