****************************************
Report : timing
	-path_type full
	-delay_type max
	-max_paths 1
	-sort_by slack
Design : top
Version: T-2022.03-SP5
Date   : Sun Feb 23 21:20:39 2025
****************************************


  Startpoint: A[11] (input port clocked by clk)
  Endpoint: O[14] (output port clocked by clk)
  Path Group: clk
  Path Type: max

  Point                                    Incr       Path
  ---------------------------------------------------------------
  clock clk (rise edge)                   0.000      0.000
  clock network delay (ideal)             0.000      0.000
  input external delay                    0.000      0.000 r
  A[11] (in)                              0.000      0.000 r
  U38/ZN (AND2_X2)                        0.052      0.052 r
  U49/ZN (INV_X1)                         0.033      0.085 f
  U60/ZN (OR2_X1)                         0.055      0.140 f
  U61/ZN (OAI211_X1)                      0.040      0.180 r
  U64/ZN (XNOR2_X1)                       0.060      0.240 r
  O[14] (out)                             0.002      0.242 r
  data arrival time                                  0.242

  clock clk (rise edge)                   0.000      0.000
  clock network delay (ideal)             0.000      0.000
  clock reconvergence pessimism           0.000      0.000
  output external delay                   0.000      0.000
  data required time                                 0.000
  ---------------------------------------------------------------
  data required time                                 0.000
  data arrival time                                 -0.242
  ---------------------------------------------------------------
  slack (VIOLATED)                                  -0.242


1
