 
****************************************
Report : area
Design : top
Version: T-2022.03-SP5
Date   : Sun Feb 23 21:20:04 2025
****************************************

Library(s) Used:

    NangateOpenCellLibrary (File: /home/balaskas/axcarbon/libs/nangate45/db/nangate45.db)

Number of ports:                           32
Number of nets:                           285
Number of cells:                          269
Number of combinational cells:            268
Number of sequential cells:                 0
Number of macros/black boxes:               0
Number of buf/inv:                         57
Number of references:                      23

Combinational area:                278.501999
Buf/Inv area:                       32.984000
Noncombinational area:               0.000000
Macro/Black Box area:                0.000000
Net Interconnect area:      undefined  (Wire load has zero net area)

Total cell area:                   278.501999
Total area:                 undefined
1
