****************************************
Report : timing
	-path_type full
	-delay_type max
	-max_paths 1
	-sort_by slack
Design : top
Version: T-2022.03-SP5
Date   : Mon Feb 24 15:28:42 2025
****************************************


  Startpoint: A[7] (input port clocked by clk)
  Endpoint: O[14] (output port clocked by clk)
  Path Group: clk
  Path Type: max

  Point                                    Incr       Path
  ---------------------------------------------------------------
  clock clk (rise edge)                   0.000      0.000
  clock network delay (ideal)             0.000      0.000
  input external delay                    0.000      0.000 f
  A[7] (in)                               0.000      0.000 f
  U10/ZN (NAND2_X1)                       0.035      0.035 r
  U11/ZN (INV_X1)                         0.027      0.062 f
  U12/ZN (OAI21_X1)                       0.035      0.098 r
  U13/ZN (INV_X1)                         0.026      0.124 f
  U16/ZN (AOI21_X1)                       0.046      0.170 r
  O[14] (out)                             0.002      0.172 r
  data arrival time                                  0.172

  clock clk (rise edge)                   2.000      2.000
  clock network delay (ideal)             0.000      2.000
  clock reconvergence pessimism           0.000      2.000
  output external delay                   0.000      2.000
  data required time                                 2.000
  ---------------------------------------------------------------
  data required time                                 2.000
  data arrival time                                 -0.172
  ---------------------------------------------------------------
  slack (MET)                                        1.828


1
