 
****************************************
Report : area
Design : top
Version: T-2022.03-SP5
Date   : Mon Feb 24 21:06:41 2025
****************************************

Library(s) Used:

    saed14rvt_tt0p8v25c (File: /usr/local/eda/synLibs/saed14nm/SAED14nm_EDK_06052019/stdcell_rvt/db_ccs/saed14rvt_tt0p8v25c.db)

Number of ports:                           49
Number of nets:                            54
Number of cells:                           15
Number of combinational cells:             15
Number of sequential cells:                 0
Number of macros/black boxes:               0
Number of buf/inv:                          0
Number of references:                       4

Combinational area:                 13.319999
Buf/Inv area:                        0.000000
Noncombinational area:               0.000000
Macro/Black Box area:                0.000000
Net Interconnect area:               4.877177

Total cell area:                    13.319999
Total area:                         18.197177
1
