****************************************
Report : timing
	-path_type full
	-delay_type max
	-max_paths 1
	-sort_by slack
Design : top
Version: T-2022.03-SP5
Date   : Mon Feb 24 15:27:57 2025
****************************************


  Startpoint: A[7] (input port clocked by clk)
  Endpoint: O[14] (output port clocked by clk)
  Path Group: clk
  Path Type: max

  Point                                    Incr       Path
  ---------------------------------------------------------------
  clock clk (rise edge)                   0.000      0.000
  clock network delay (ideal)             0.000      0.000
  input external delay                    0.000      0.000 r
  A[7] (in)                               0.000      0.000 r
  U9/ZN (NAND2_X1)                        0.015      0.015 f
  U12/ZN (NOR2_X1)                        0.016      0.031 r
  U14/ZN (AOI21_X1)                       0.011      0.043 f
  O[14] (out)                             0.000      0.043 f
  data arrival time                                  0.043

  clock clk (rise edge)                   1.065      1.065
  clock network delay (ideal)             0.000      1.065
  clock reconvergence pessimism           0.000      1.065
  output external delay                   0.000      1.065
  data required time                                 1.065
  ---------------------------------------------------------------
  data required time                                 1.065
  data arrival time                                 -0.043
  ---------------------------------------------------------------
  slack (MET)                                        1.022


1
