 
****************************************
Report : area
Design : top
Version: T-2022.03-SP5
Date   : Sun Feb 23 20:55:10 2025
****************************************

Library(s) Used:

    typical (File: /home/balaskas/axcarbon/libs/variability14/db/predicted_0.db)

Number of ports:                           32
Number of nets:                           606
Number of cells:                          590
Number of combinational cells:            590
Number of sequential cells:                 0
Number of macros/black boxes:               0
Number of buf/inv:                        155
Number of references:                      24

Combinational area:                151.928835
Buf/Inv area:                       25.362433
Noncombinational area:               0.000000
Macro/Black Box area:                0.000000
Net Interconnect area:      undefined  (No wire load specified)

Total cell area:                   151.928835
Total area:                 undefined
1
