****************************************
Report : timing
	-path_type full
	-delay_type max
	-max_paths 1
	-sort_by slack
Design : top
Version: T-2022.03-SP5
Date   : Sun Feb 23 20:52:31 2025
****************************************


  Startpoint: A[1] (input port clocked by clk)
  Endpoint: O[6] (output port clocked by clk)
  Path Group: clk
  Path Type: max

  Point                                    Incr       Path
  ---------------------------------------------------------------
  clock clk (rise edge)                   0.000      0.000
  clock network delay (ideal)             0.000      0.000
  input external delay                    0.000      0.000 f
  A[1] (in)                               0.000      0.000 f
  U27/ZN (OR2_X2)                         0.063      0.063 f
  U33/ZN (AOI21_X1)                       0.043      0.106 r
  U36/ZN (OAI211_X1)                      0.043      0.148 f
  U69/ZN (NAND2_X1)                       0.036      0.184 r
  U70/ZN (NAND2_X1)                       0.029      0.213 f
  U72/ZN (XNOR2_X1)                       0.051      0.264 f
  O[6] (out)                              0.002      0.266 f
  data arrival time                                  0.266

  clock clk (rise edge)                   0.000      0.000
  clock network delay (ideal)             0.000      0.000
  clock reconvergence pessimism           0.000      0.000
  output external delay                   0.000      0.000
  data required time                                 0.000
  ---------------------------------------------------------------
  data required time                                 0.000
  data arrival time                                 -0.266
  ---------------------------------------------------------------
  slack (VIOLATED)                                  -0.266


1
