****************************************
Report : timing
	-path_type full
	-delay_type max
	-max_paths 1
	-sort_by slack
Design : top
Version: T-2022.03-SP5
Date   : Tue Feb 25 06:59:01 2025
****************************************


  Startpoint: B[7] (input port clocked by clk)
  Endpoint: O[14] (output port clocked by clk)
  Path Group: clk
  Path Type: max

  Point                                    Incr       Path
  ---------------------------------------------------------------
  clock clk (rise edge)                   0.000      0.000
  clock network delay (ideal)             0.000      0.000
  input external delay                    0.000      0.000 f
  B[7] (in)                               0.000      0.000 f
  U44/Y (NAND2X0_RVT)                     0.018      0.018 r
  U46/SO (HADDX1_RVT)                     0.020      0.038 f
  U47/Y (NAND2X0_RVT)                     0.012      0.051 r
  U48/Y (NAND2X0_RVT)                     0.013      0.064 f
  U49/Y (NAND2X0_RVT)                     0.012      0.076 r
  U51/Y (AO222X1_RVT)                     0.017      0.093 r
  U66/CO (FADDX1_RVT)                     0.035      0.128 r
  U64/S (FADDX1_RVT)                      0.040      0.168 r
  intadd_0_U2/CO (FADDX1_RVT)             0.034      0.202 r
  U71/S (FADDX1_RVT)                      0.040      0.242 r
  O[14] (out)                             0.004      0.245 r
  data arrival time                                  0.245

  clock clk (rise edge)                   1.430      1.430
  clock network delay (ideal)             0.000      1.430
  clock reconvergence pessimism           0.000      1.430
  output external delay                   0.000      1.430
  data required time                                 1.430
  ---------------------------------------------------------------
  data required time                                 1.430
  data arrival time                                 -0.245
  ---------------------------------------------------------------
  slack (MET)                                        1.185


1
