 
****************************************
Report : area
Design : top
Version: T-2022.03-SP5
Date   : Sun Feb 23 21:00:27 2025
****************************************

Library(s) Used:

    typical (File: /home/balaskas/axcarbon/libs/fdsoi28/db/28nm_FDSOI_0.9V_300K.db)

Number of ports:                           25
Number of nets:                            66
Number of cells:                           50
Number of combinational cells:             50
Number of sequential cells:                 0
Number of macros/black boxes:               0
Number of buf/inv:                         14
Number of references:                      24

Combinational area:                 94.430000
Buf/Inv area:                       24.206000
Noncombinational area:               0.000000
Macro/Black Box area:                0.000000
Net Interconnect area:      undefined  (No wire load specified)

Total cell area:                    94.430000
Total area:                 undefined
1
