****************************************
Report : timing
	-path_type full
	-delay_type max
	-max_paths 1
	-sort_by slack
Design : top
Version: T-2022.03-SP5
Date   : Sun Feb 23 21:24:36 2025
****************************************


  Startpoint: B[7] (input port clocked by clk)
  Endpoint: O[14] (output port clocked by clk)
  Path Group: clk
  Path Type: max

  Point                                    Incr       Path
  ---------------------------------------------------------------
  clock clk (rise edge)                   0.000      0.000
  clock network delay (ideal)             0.000      0.000
  input external delay                    0.000      0.000 r
  B[7] (in)                               0.000      0.000 r
  U87/ZN (NAND2_X4)                       0.002      0.002 f
  U86/ZN (XNOR2_X2)                       0.007      0.009 f
  U125/ZN (INV_X4)                        0.004      0.012 r
  U128/ZN (NAND3_X2)                      0.005      0.017 f
  U117/ZN (NAND3_X4)                      0.004      0.022 r
  U116/ZN (XNOR2_X2)                      0.008      0.029 r
  U92/ZN (XNOR2_X2)                       0.009      0.039 r
  U122/ZN (OAI22_X4)                      0.005      0.044 f
  U65/ZN (NAND3_X1)                       0.003      0.047 r
  U64/ZN (NAND4_X1)                       0.004      0.051 f
  O[14] (out)                             0.000      0.051 f
  data arrival time                                  0.051

  clock clk (rise edge)                   0.000      0.000
  clock network delay (ideal)             0.000      0.000
  clock reconvergence pessimism           0.000      0.000
  output external delay                   0.000      0.000
  data required time                                 0.000
  ---------------------------------------------------------------
  data required time                                 0.000
  data arrival time                                 -0.051
  ---------------------------------------------------------------
  slack (VIOLATED)                                  -0.051


1
